Missing qbot2; Sat 28 Jan 18:15:02 GMT 2023
Missing qbot2; Mon 30 Jan 23:03:01 GMT 2023
Missing qbot2; Fri 17 Feb 08:33:02 GMT 2023
Missing qbot2; Fri 17 Feb 08:36:01 GMT 2023
Missing qbot2; Fri 31 Mar 22:30:02 BST 2023
Missing qbot2; Fri 31 Mar 22:33:01 BST 2023
Missing qbot2; Mon 12 Jun 12:00:02 BST 2023
Missing qbot2; Mon 12 Jun 12:27:02 BST 2023
Missing qbot2; Mon 12 Jun 12:48:01 BST 2023
Missing qbot2; Mon 12 Jun 12:54:01 BST 2023
Missing qbot2; Mon 12 Jun 13:33:01 BST 2023
Missing qbot2; Mon 12 Jun 13:42:18 BST 2023
Missing qbot2; Wed 21 Jun 18:03:01 BST 2023
Missing qbot2; Sat 24 Jun 07:24:15 BST 2023
Missing qbot2; Tue 22 Aug 19:21:01 BST 2023
Missing qbot2; Tue 22 Aug 19:42:02 BST 2023
Missing qbot2; Thu 12 Oct 17:54:02 BST 2023
Missing qbot2; Mon 23 Oct 17:18:05 BST 2023
Missing qbot2; Thu 26 Oct 20:36:01 BST 2023
Missing qbot2; Tue  7 Nov 22:06:02 GMT 2023
Missing qbot2; Tue  7 Nov 23:18:01 GMT 2023
Missing qbot2; Wed  8 Nov 21:27:01 GMT 2023
Missing qbot2; Sun 24 Dec 14:57:05 GMT 2023
Missing qbot2; Fri 29 Dec 13:03:01 GMT 2023
OK qbot; Fri 29 Dec 13:03:01 GMT 2023
Missing qbot2; Sun 14 Jan 14:00:01 GMT 2024
Missing qbot2; Sun 14 Jan 14:33:27 GMT 2024
Missing qbot2; Sun  4 Feb 21:57:01 GMT 2024
Missing qbot2; Fri 23 Feb 07:39:16 GMT 2024
Missing qbot2; Fri 23 Feb 08:03:02 GMT 2024
Missing qbot2; Tue 27 Feb 22:12:08 GMT 2024
OK qbot; Tue 27 Feb 22:12:08 GMT 2024
Missing qbot2; Sat Mar 23 09:09:49 PM CET 2024
Missing qbot2; Sat Mar 23 09:10:37 PM CET 2024
Missing qbot2; Sat Mar 30 03:00:01 PM CET 2024
Missing qbot2; Sat Mar 30 03:03:01 PM CET 2024
Missing qbot2; Sat Mar 30 06:52:03 PM CET 2024
Missing qbot2; Sun Mar 31 06:42:01 PM CEST 2024
Missing qbot2; Mon Apr 15 09:42:01 PM CEST 2024
Missing qbot2; Sat Apr 20 08:51:01 PM CEST 2024
Missing qbot2; Wed May  1 02:03:01 AM CEST 2024
OK qbot; Wed May  1 02:03:01 AM CEST 2024
Missing qbot2; Thu Jun  6 02:12:01 PM CEST 2024
OK qbot; Thu Jun  6 02:12:01 PM CEST 2024
Missing qbot2; Thu Jun  6 02:18:01 PM CEST 2024
OK qbot; Thu Jun  6 02:18:01 PM CEST 2024
Missing qbot2; Thu Jun  6 02:42:01 PM CEST 2024
OK qbot; Thu Jun  6 02:42:01 PM CEST 2024
Missing qbot2; Thu Jun  6 02:45:02 PM CEST 2024
OK qbot; Thu Jun  6 02:45:02 PM CEST 2024
Missing qbot2; Thu Jun  6 02:48:01 PM CEST 2024
OK qbot; Thu Jun  6 02:48:01 PM CEST 2024
Missing qbot2; Thu Jun  6 02:51:01 PM CEST 2024
OK qbot; Thu Jun  6 02:51:01 PM CEST 2024
Missing qbot2; Thu Jun  6 02:54:01 PM CEST 2024
OK qbot; Thu Jun  6 02:54:01 PM CEST 2024
Missing qbot2; Thu Jun  6 02:57:01 PM CEST 2024
OK qbot; Thu Jun  6 02:57:01 PM CEST 2024
Missing qbot2; Thu Jun  6 03:00:01 PM CEST 2024
OK qbot; Thu Jun  6 03:00:01 PM CEST 2024
Missing qbot2; Thu Jun  6 03:03:01 PM CEST 2024
OK qbot; Thu Jun  6 03:03:01 PM CEST 2024
Missing qbot2; Thu Jun  6 03:06:01 PM CEST 2024
OK qbot; Thu Jun  6 03:06:01 PM CEST 2024
Missing qbot2; Thu Jun  6 03:09:01 PM CEST 2024
OK qbot; Thu Jun  6 03:09:01 PM CEST 2024
Missing qbot2; Thu Jun  6 03:12:02 PM CEST 2024
OK qbot; Thu Jun  6 03:12:02 PM CEST 2024
Missing qbot2; Thu Jun  6 03:15:01 PM CEST 2024
OK qbot; Thu Jun  6 03:15:02 PM CEST 2024
Missing qbot2; Thu Jun  6 03:18:01 PM CEST 2024
OK qbot; Thu Jun  6 03:18:01 PM CEST 2024
Missing qbot2; Thu Jun  6 03:21:01 PM CEST 2024
OK qbot; Thu Jun  6 03:21:01 PM CEST 2024
Missing qbot2; Thu Jun  6 03:24:01 PM CEST 2024
OK qbot; Thu Jun  6 03:24:01 PM CEST 2024
Missing qbot2; Thu Jun  6 03:27:01 PM CEST 2024
OK qbot; Thu Jun  6 03:27:01 PM CEST 2024
Missing qbot2; Thu Jun  6 03:30:02 PM CEST 2024
OK qbot; Thu Jun  6 03:30:02 PM CEST 2024
Missing qbot2; Thu Jun  6 03:33:01 PM CEST 2024
OK qbot; Thu Jun  6 03:33:01 PM CEST 2024
Missing qbot2; Thu Jun  6 03:36:01 PM CEST 2024
OK qbot; Thu Jun  6 03:36:01 PM CEST 2024
Missing qbot2; Thu Jun  6 03:39:01 PM CEST 2024
OK qbot; Thu Jun  6 03:39:01 PM CEST 2024
Missing qbot2; Thu Jun  6 03:42:02 PM CEST 2024
OK qbot; Thu Jun  6 03:42:02 PM CEST 2024
Missing qbot2; Thu Jun  6 03:45:02 PM CEST 2024
OK qbot; Thu Jun  6 03:45:03 PM CEST 2024
Missing qbot2; Thu Jun  6 03:48:01 PM CEST 2024
OK qbot; Thu Jun  6 03:48:01 PM CEST 2024
Missing qbot2; Thu Jun  6 03:51:01 PM CEST 2024
OK qbot; Thu Jun  6 03:51:01 PM CEST 2024
Missing qbot2; Thu Jun  6 03:54:01 PM CEST 2024
OK qbot; Thu Jun  6 03:54:01 PM CEST 2024
Missing qbot2; Thu Jun  6 03:57:01 PM CEST 2024
OK qbot; Thu Jun  6 03:57:01 PM CEST 2024
Missing qbot2; Thu Jun  6 04:00:02 PM CEST 2024
OK qbot; Thu Jun  6 04:00:03 PM CEST 2024
Missing qbot2; Thu Jun  6 04:03:01 PM CEST 2024
OK qbot; Thu Jun  6 04:03:01 PM CEST 2024
Missing qbot2; Thu Jun  6 04:06:01 PM CEST 2024
OK qbot; Thu Jun  6 04:06:01 PM CEST 2024
Missing qbot2; Thu Jun  6 04:09:01 PM CEST 2024
OK qbot; Thu Jun  6 04:09:01 PM CEST 2024
Missing qbot2; Thu Jun  6 04:12:01 PM CEST 2024
OK qbot; Thu Jun  6 04:12:01 PM CEST 2024
Missing qbot2; Thu Jun  6 04:15:03 PM CEST 2024
OK qbot; Thu Jun  6 04:15:04 PM CEST 2024
Missing qbot2; Thu Jun  6 04:18:01 PM CEST 2024
OK qbot; Thu Jun  6 04:18:01 PM CEST 2024
Missing qbot2; Thu Jun  6 04:21:01 PM CEST 2024
OK qbot; Thu Jun  6 04:21:01 PM CEST 2024
Missing qbot2; Thu Jun  6 04:24:01 PM CEST 2024
OK qbot; Thu Jun  6 04:24:01 PM CEST 2024
Missing qbot2; Thu Jun  6 04:27:01 PM CEST 2024
OK qbot; Thu Jun  6 04:27:01 PM CEST 2024
Missing qbot2; Thu Jun  6 04:30:03 PM CEST 2024
OK qbot; Thu Jun  6 04:30:05 PM CEST 2024
Missing qbot2; Thu Jun  6 04:33:01 PM CEST 2024
OK qbot; Thu Jun  6 04:33:01 PM CEST 2024
Missing qbot2; Thu Jun  6 04:36:01 PM CEST 2024
OK qbot; Thu Jun  6 04:36:01 PM CEST 2024
Missing qbot2; Thu Jun  6 04:39:01 PM CEST 2024
OK qbot; Thu Jun  6 04:39:01 PM CEST 2024
Missing qbot2; Thu Jun  6 04:42:01 PM CEST 2024
OK qbot; Thu Jun  6 04:42:01 PM CEST 2024
Missing qbot2; Thu Jun  6 04:45:03 PM CEST 2024
OK qbot; Thu Jun  6 04:45:04 PM CEST 2024
Missing qbot2; Thu Jun  6 04:48:01 PM CEST 2024
OK qbot; Thu Jun  6 04:48:01 PM CEST 2024
Missing qbot2; Thu Jun  6 04:51:01 PM CEST 2024
OK qbot; Thu Jun  6 04:51:01 PM CEST 2024
Missing qbot2; Thu Jun  6 04:54:01 PM CEST 2024
OK qbot; Thu Jun  6 04:54:01 PM CEST 2024
Missing qbot2; Thu Jun  6 04:57:01 PM CEST 2024
OK qbot; Thu Jun  6 04:57:01 PM CEST 2024
Missing qbot2; Thu Jun  6 05:00:02 PM CEST 2024
OK qbot; Thu Jun  6 05:00:03 PM CEST 2024
Missing qbot2; Thu Jun  6 05:03:01 PM CEST 2024
Missing qbot2; Thu Jun  6 05:06:01 PM CEST 2024
OK qbot; Thu Jun  6 05:06:01 PM CEST 2024
Missing qbot2; Thu Jun  6 05:09:01 PM CEST 2024
OK qbot; Thu Jun  6 05:09:01 PM CEST 2024
Missing qbot2; Thu Jun  6 05:12:01 PM CEST 2024
OK qbot; Thu Jun  6 05:12:01 PM CEST 2024
Missing qbot2; Thu Jun  6 05:15:03 PM CEST 2024
OK qbot; Thu Jun  6 05:15:04 PM CEST 2024
Missing qbot2; Thu Jun  6 05:18:01 PM CEST 2024
OK qbot; Thu Jun  6 05:18:01 PM CEST 2024
Missing qbot2; Thu Jun  6 05:21:01 PM CEST 2024
OK qbot; Thu Jun  6 05:21:01 PM CEST 2024
Missing qbot2; Thu Jun  6 05:24:01 PM CEST 2024
OK qbot; Thu Jun  6 05:24:01 PM CEST 2024
Missing qbot2; Thu Jun  6 05:27:01 PM CEST 2024
OK qbot; Thu Jun  6 05:27:01 PM CEST 2024
Missing qbot2; Thu Jun  6 05:30:03 PM CEST 2024
OK qbot; Thu Jun  6 05:30:03 PM CEST 2024
Missing qbot2; Thu Jun  6 05:33:01 PM CEST 2024
OK qbot; Thu Jun  6 05:33:01 PM CEST 2024
Missing qbot2; Thu Jun  6 05:36:01 PM CEST 2024
OK qbot; Thu Jun  6 05:36:01 PM CEST 2024
Missing qbot2; Thu Jun  6 05:39:01 PM CEST 2024
OK qbot; Thu Jun  6 05:39:01 PM CEST 2024
Missing qbot2; Thu Jun  6 05:42:01 PM CEST 2024
OK qbot; Thu Jun  6 05:42:01 PM CEST 2024
Missing qbot2; Thu Jun  6 05:45:03 PM CEST 2024
OK qbot; Thu Jun  6 05:45:04 PM CEST 2024
Missing qbot2; Thu Jun  6 05:48:01 PM CEST 2024
OK qbot; Thu Jun  6 05:48:01 PM CEST 2024
Missing qbot2; Thu Jun  6 05:51:01 PM CEST 2024
OK qbot; Thu Jun  6 05:51:01 PM CEST 2024
Missing qbot2; Thu Jun  6 05:54:01 PM CEST 2024
OK qbot; Thu Jun  6 05:54:01 PM CEST 2024
Missing qbot2; Thu Jun  6 05:57:01 PM CEST 2024
OK qbot; Thu Jun  6 05:57:01 PM CEST 2024
Missing qbot2; Thu Jun  6 06:00:03 PM CEST 2024
OK qbot; Thu Jun  6 06:00:05 PM CEST 2024
Missing qbot2; Thu Jun  6 06:03:01 PM CEST 2024
OK qbot; Thu Jun  6 06:03:01 PM CEST 2024
Missing qbot2; Thu Jun  6 06:06:01 PM CEST 2024
OK qbot; Thu Jun  6 06:06:01 PM CEST 2024
Missing qbot2; Thu Jun  6 06:09:01 PM CEST 2024
OK qbot; Thu Jun  6 06:09:01 PM CEST 2024
Missing qbot2; Thu Jun  6 06:12:01 PM CEST 2024
OK qbot; Thu Jun  6 06:12:01 PM CEST 2024
Missing qbot2; Thu Jun  6 06:15:04 PM CEST 2024
OK qbot; Thu Jun  6 06:15:08 PM CEST 2024
Missing qbot2; Thu Jun  6 06:18:01 PM CEST 2024
OK qbot; Thu Jun  6 06:18:01 PM CEST 2024
Missing qbot2; Thu Jun  6 06:21:01 PM CEST 2024
OK qbot; Thu Jun  6 06:21:01 PM CEST 2024
Missing qbot2; Thu Jun  6 06:24:01 PM CEST 2024
OK qbot; Thu Jun  6 06:24:01 PM CEST 2024
Missing qbot2; Thu Jun  6 06:27:01 PM CEST 2024
OK qbot; Thu Jun  6 06:27:01 PM CEST 2024
Missing qbot2; Thu Jun  6 06:30:05 PM CEST 2024
OK qbot; Thu Jun  6 06:30:09 PM CEST 2024
Missing qbot2; Thu Jun  6 06:33:01 PM CEST 2024
OK qbot; Thu Jun  6 06:33:01 PM CEST 2024
Missing qbot2; Thu Jun  6 06:36:01 PM CEST 2024
OK qbot; Thu Jun  6 06:36:02 PM CEST 2024
Missing qbot2; Thu Jun  6 06:39:01 PM CEST 2024
OK qbot; Thu Jun  6 06:39:01 PM CEST 2024
Missing qbot2; Thu Jun  6 06:42:01 PM CEST 2024
OK qbot; Thu Jun  6 06:42:01 PM CEST 2024
Missing qbot2; Thu Jun  6 06:45:04 PM CEST 2024
OK qbot; Thu Jun  6 06:45:04 PM CEST 2024
Missing qbot2; Thu Jun  6 06:48:01 PM CEST 2024
OK qbot; Thu Jun  6 06:48:01 PM CEST 2024
Missing qbot2; Thu Jun  6 06:51:01 PM CEST 2024
OK qbot; Thu Jun  6 06:51:01 PM CEST 2024
Missing qbot2; Thu Jun  6 06:54:01 PM CEST 2024
OK qbot; Thu Jun  6 06:54:01 PM CEST 2024
Missing qbot2; Thu Jun  6 06:57:01 PM CEST 2024
OK qbot; Thu Jun  6 06:57:01 PM CEST 2024
Missing qbot2; Thu Jun  6 07:00:06 PM CEST 2024
OK qbot; Thu Jun  6 07:00:08 PM CEST 2024
Missing qbot2; Thu Jun  6 07:03:01 PM CEST 2024
OK qbot; Thu Jun  6 07:03:01 PM CEST 2024
Missing qbot2; Thu Jun  6 07:06:01 PM CEST 2024
OK qbot; Thu Jun  6 07:06:01 PM CEST 2024
Missing qbot2; Thu Jun  6 07:09:01 PM CEST 2024
OK qbot; Thu Jun  6 07:09:01 PM CEST 2024
Missing qbot2; Thu Jun  6 07:12:01 PM CEST 2024
OK qbot; Thu Jun  6 07:12:01 PM CEST 2024
Missing qbot2; Thu Jun  6 07:15:09 PM CEST 2024
OK qbot; Thu Jun  6 07:15:10 PM CEST 2024
Missing qbot2; Thu Jun  6 07:18:01 PM CEST 2024
OK qbot; Thu Jun  6 07:18:01 PM CEST 2024
Missing qbot2; Thu Jun  6 07:21:01 PM CEST 2024
OK qbot; Thu Jun  6 07:21:01 PM CEST 2024
Missing qbot2; Thu Jun  6 07:24:01 PM CEST 2024
OK qbot; Thu Jun  6 07:24:01 PM CEST 2024
Missing qbot2; Thu Jun  6 07:27:01 PM CEST 2024
OK qbot; Thu Jun  6 07:27:01 PM CEST 2024
Missing qbot2; Thu Jun  6 07:30:05 PM CEST 2024
OK qbot; Thu Jun  6 07:30:11 PM CEST 2024
Missing qbot2; Thu Jun  6 07:33:01 PM CEST 2024
OK qbot; Thu Jun  6 07:33:01 PM CEST 2024
Missing qbot2; Thu Jun  6 07:36:01 PM CEST 2024
OK qbot; Thu Jun  6 07:36:01 PM CEST 2024
Missing qbot2; Thu Jun  6 07:39:01 PM CEST 2024
OK qbot; Thu Jun  6 07:39:01 PM CEST 2024
Missing qbot2; Thu Jun  6 07:42:01 PM CEST 2024
OK qbot; Thu Jun  6 07:42:01 PM CEST 2024
Missing qbot2; Thu Jun  6 07:45:07 PM CEST 2024
OK qbot; Thu Jun  6 07:45:10 PM CEST 2024
Missing qbot2; Thu Jun  6 07:48:02 PM CEST 2024
OK qbot; Thu Jun  6 07:48:02 PM CEST 2024
Missing qbot2; Thu Jun  6 07:51:01 PM CEST 2024
OK qbot; Thu Jun  6 07:51:01 PM CEST 2024
Missing qbot2; Thu Jun  6 07:54:01 PM CEST 2024
OK qbot; Thu Jun  6 07:54:01 PM CEST 2024
Missing qbot2; Thu Jun  6 07:57:01 PM CEST 2024
OK qbot; Thu Jun  6 07:57:01 PM CEST 2024
Missing qbot2; Thu Jun  6 08:00:09 PM CEST 2024
OK qbot; Thu Jun  6 08:00:11 PM CEST 2024
Missing qbot2; Thu Jun  6 08:03:01 PM CEST 2024
OK qbot; Thu Jun  6 08:03:01 PM CEST 2024
Missing qbot2; Thu Jun  6 08:06:01 PM CEST 2024
OK qbot; Thu Jun  6 08:06:01 PM CEST 2024
Missing qbot2; Thu Jun  6 08:09:01 PM CEST 2024
OK qbot; Thu Jun  6 08:09:01 PM CEST 2024
Missing qbot2; Thu Jun  6 08:12:01 PM CEST 2024
OK qbot; Thu Jun  6 08:12:01 PM CEST 2024
Missing qbot2; Thu Jun  6 08:15:08 PM CEST 2024
OK qbot; Thu Jun  6 08:15:11 PM CEST 2024
Missing qbot2; Thu Jun  6 08:18:01 PM CEST 2024
OK qbot; Thu Jun  6 08:18:01 PM CEST 2024
Missing qbot2; Thu Jun  6 08:21:01 PM CEST 2024
OK qbot; Thu Jun  6 08:21:01 PM CEST 2024
Missing qbot2; Thu Jun  6 08:24:01 PM CEST 2024
OK qbot; Thu Jun  6 08:24:01 PM CEST 2024
Missing qbot2; Thu Jun  6 08:27:01 PM CEST 2024
OK qbot; Thu Jun  6 08:27:01 PM CEST 2024
Missing qbot2; Thu Jun  6 08:30:05 PM CEST 2024
OK qbot; Thu Jun  6 08:30:14 PM CEST 2024
Missing qbot2; Thu Jun  6 08:33:01 PM CEST 2024
OK qbot; Thu Jun  6 08:33:01 PM CEST 2024
Missing qbot2; Fri Jun  7 12:08:18 AM CEST 2024
Missing qbot2; Fri Jun  7 12:08:18 AM CEST 2024
Missing qbot2; Fri Jun  7 12:08:19 AM CEST 2024
Missing qbot2; Fri Jun  7 12:08:19 AM CEST 2024
Missing qbot2; Fri Jun  7 12:08:19 AM CEST 2024
Missing qbot2; Fri Jun  7 12:08:19 AM CEST 2024
Missing qbot2; Fri Jun  7 12:08:19 AM CEST 2024
Missing qbot2; Fri Jun  7 12:08:19 AM CEST 2024
Missing qbot2; Fri Jun  7 12:08:19 AM CEST 2024
Missing qbot2; Fri Jun  7 12:08:19 AM CEST 2024
Missing qbot2; Fri Jun  7 12:08:19 AM CEST 2024
Missing qbot2; Fri Jun  7 12:08:19 AM CEST 2024
Missing qbot2; Fri Jun  7 12:08:20 AM CEST 2024
Missing qbot2; Fri Jun  7 12:08:20 AM CEST 2024
OK qbot; Fri Jun  7 12:08:20 AM CEST 2024
OK qbot; Fri Jun  7 12:08:20 AM CEST 2024
OK qbot; Fri Jun  7 12:08:20 AM CEST 2024
Missing qbot2; Fri Jun  7 12:08:20 AM CEST 2024
OK qbot; Fri Jun  7 12:08:20 AM CEST 2024
Missing qbot2; Fri Jun  7 12:08:20 AM CEST 2024
Missing qbot2; Fri Jun  7 12:08:21 AM CEST 2024
Missing qbot2; Fri Jun  7 12:08:21 AM CEST 2024
OK qbot; Fri Jun  7 12:08:21 AM CEST 2024
Missing qbot2; Fri Jun  7 12:08:21 AM CEST 2024
OK qbot; Fri Jun  7 12:08:21 AM CEST 2024
OK qbot; Fri Jun  7 12:08:22 AM CEST 2024
OK qbot; Fri Jun  7 12:08:22 AM CEST 2024
Missing qbot2; Fri Jun  7 12:08:23 AM CEST 2024
OK qbot; Fri Jun  7 12:08:23 AM CEST 2024
OK qbot; Fri Jun  7 12:08:24 AM CEST 2024
OK qbot; Fri Jun  7 12:08:24 AM CEST 2024
OK qbot; Fri Jun  7 12:08:24 AM CEST 2024
OK qbot; Fri Jun  7 12:08:24 AM CEST 2024
OK qbot; Fri Jun  7 12:08:24 AM CEST 2024
OK qbot; Fri Jun  7 12:08:24 AM CEST 2024
OK qbot; Fri Jun  7 12:08:24 AM CEST 2024
OK qbot; Fri Jun  7 12:08:24 AM CEST 2024
OK qbot; Fri Jun  7 12:08:25 AM CEST 2024
OK qbot; Fri Jun  7 12:08:25 AM CEST 2024
OK qbot; Fri Jun  7 12:08:25 AM CEST 2024
Missing qbot2; Fri Jun  7 12:09:01 AM CEST 2024
OK qbot; Fri Jun  7 12:09:02 AM CEST 2024
Missing qbot2; Fri Jun  7 12:12:01 AM CEST 2024
Missing qbot2; Fri Jun  7 12:15:08 AM CEST 2024
Missing qbot2; Fri Jun  7 12:22:36 AM CEST 2024
Missing qbot2; Fri Jun  7 12:22:41 AM CEST 2024
OK qbot; Fri Jun  7 12:22:41 AM CEST 2024
OK qbot; Fri Jun  7 12:22:43 AM CEST 2024
Missing qbot2; Fri Jun  7 12:24:01 AM CEST 2024
Missing qbot2; Fri Jun  7 12:27:31 AM CEST 2024
Missing qbot2; Fri Jun  7 12:30:09 AM CEST 2024
Missing qbot2; Fri Jun  7 12:33:01 AM CEST 2024
Missing qbot2; Fri Jun  7 12:36:01 AM CEST 2024
Missing qbot2; Fri Jun  7 12:39:01 AM CEST 2024
Missing qbot2; Fri Jun  7 12:42:01 AM CEST 2024
Missing qbot2; Fri Jun  7 12:45:07 AM CEST 2024
Missing qbot2; Sat Jun  8 01:55:57 AM CEST 2024
Missing qbot2; Sat Jun  8 01:55:57 AM CEST 2024
Missing qbot2; Sat Jun  8 01:55:57 AM CEST 2024
Missing qbot2; Sat Jun  8 01:55:57 AM CEST 2024
Missing qbot2; Sat Jun  8 01:55:57 AM CEST 2024
Missing qbot2; Sat Jun  8 01:55:57 AM CEST 2024
Missing qbot2; Sat Jun  8 01:55:57 AM CEST 2024
Missing qbot2; Sat Jun  8 01:55:57 AM CEST 2024
Missing qbot2; Sat Jun  8 01:55:57 AM CEST 2024
Missing qbot2; Sat Jun  8 01:55:58 AM CEST 2024
Missing qbot2; Sat Jun  8 01:55:57 AM CEST 2024
Missing qbot2; Sat Jun  8 01:55:58 AM CEST 2024
Missing qbot2; Sat Jun  8 01:55:57 AM CEST 2024
Missing qbot2; Sat Jun  8 01:55:57 AM CEST 2024
Missing qbot2; Sat Jun  8 01:55:57 AM CEST 2024
Missing qbot2; Sat Jun  8 01:55:58 AM CEST 2024
Missing qbot2; Sat Jun  8 01:55:59 AM CEST 2024
Missing qbot2; Sat Jun  8 01:56:00 AM CEST 2024
Missing qbot2; Sat Jun  8 01:56:00 AM CEST 2024
Missing qbot2; Sat Jun  8 01:56:00 AM CEST 2024
Missing qbot2; Sat Jun  8 01:56:00 AM CEST 2024
Missing qbot2; Sat Jun  8 01:56:00 AM CEST 2024
Missing qbot2; Sat Jun  8 01:56:00 AM CEST 2024
Missing qbot2; Sat Jun  8 01:56:00 AM CEST 2024
Missing qbot2; Sat Jun  8 01:56:00 AM CEST 2024
OK qbot; Sat Jun  8 01:56:01 AM CEST 2024
OK qbot; Sat Jun  8 01:56:01 AM CEST 2024
OK qbot; Sat Jun  8 01:56:01 AM CEST 2024
OK qbot; Sat Jun  8 01:56:02 AM CEST 2024
OK qbot; Sat Jun  8 01:56:02 AM CEST 2024
OK qbot; Sat Jun  8 01:56:02 AM CEST 2024
OK qbot; Sat Jun  8 01:56:02 AM CEST 2024
OK qbot; Sat Jun  8 01:56:02 AM CEST 2024
OK qbot; Sat Jun  8 01:56:02 AM CEST 2024
OK qbot; Sat Jun  8 01:56:02 AM CEST 2024
OK qbot; Sat Jun  8 01:56:02 AM CEST 2024
OK qbot; Sat Jun  8 01:56:04 AM CEST 2024
OK qbot; Sat Jun  8 01:56:04 AM CEST 2024
OK qbot; Sat Jun  8 01:56:04 AM CEST 2024
OK qbot; Sat Jun  8 01:56:04 AM CEST 2024
OK qbot; Sat Jun  8 01:56:04 AM CEST 2024
OK qbot; Sat Jun  8 01:56:04 AM CEST 2024
OK qbot; Sat Jun  8 01:56:04 AM CEST 2024
OK qbot; Sat Jun  8 01:56:04 AM CEST 2024
OK qbot; Sat Jun  8 01:56:04 AM CEST 2024
OK qbot; Sat Jun  8 01:56:04 AM CEST 2024
OK qbot; Sat Jun  8 01:56:04 AM CEST 2024
OK qbot; Sat Jun  8 01:56:04 AM CEST 2024
OK qbot; Sat Jun  8 01:56:04 AM CEST 2024
OK qbot; Sat Jun  8 01:56:07 AM CEST 2024
Missing qbot2; Sat Jun  8 01:57:01 AM CEST 2024
OK qbot; Sat Jun  8 01:57:01 AM CEST 2024
Missing qbot2; Sat Jun  8 02:00:10 AM CEST 2024
Missing qbot2; Sat Jun  8 02:03:01 AM CEST 2024
Missing qbot2; Sat Jun  8 02:06:02 AM CEST 2024
Missing qbot2; Sat Jun  8 02:09:01 AM CEST 2024
Missing qbot2; Sat Jun  8 04:29:51 PM CEST 2024
Missing qbot2; Sat Jun  8 04:29:51 PM CEST 2024
Missing qbot2; Sat Jun  8 04:29:51 PM CEST 2024
Missing qbot2; Sat Jun  8 04:29:54 PM CEST 2024
Missing qbot2; Sat Jun  8 04:29:55 PM CEST 2024
Missing qbot2; Sat Jun  8 04:29:55 PM CEST 2024
Missing qbot2; Sat Jun  8 04:29:55 PM CEST 2024
Missing qbot2; Sat Jun  8 04:29:55 PM CEST 2024
OK qbot; Sat Jun  8 04:29:56 PM CEST 2024
Missing qbot2; Sat Jun  8 04:29:56 PM CEST 2024
Missing qbot2; Sat Jun  8 04:29:57 PM CEST 2024
OK qbot; Sat Jun  8 04:29:58 PM CEST 2024
OK qbot; Sat Jun  8 04:29:58 PM CEST 2024
OK qbot; Sat Jun  8 04:29:58 PM CEST 2024
OK qbot; Sat Jun  8 04:29:58 PM CEST 2024
Missing qbot2; Sat Jun  8 04:29:58 PM CEST 2024
OK qbot; Sat Jun  8 04:29:58 PM CEST 2024
OK qbot; Sat Jun  8 04:29:58 PM CEST 2024
Missing qbot2; Sat Jun  8 04:29:58 PM CEST 2024
OK qbot; Sat Jun  8 04:29:59 PM CEST 2024
OK qbot; Sat Jun  8 04:30:00 PM CEST 2024
OK qbot; Sat Jun  8 04:30:01 PM CEST 2024
Missing qbot2; Sat Jun  8 04:30:01 PM CEST 2024
OK qbot; Sat Jun  8 04:30:02 PM CEST 2024
Missing qbot2; Sat Jun  8 04:30:05 PM CEST 2024
Missing qbot2; Sat Jun  8 04:30:05 PM CEST 2024
Missing qbot2; Sat Jun  8 04:30:10 PM CEST 2024
Missing qbot2; Sat Jun  8 04:30:10 PM CEST 2024
Missing qbot2; Sat Jun  8 04:30:10 PM CEST 2024
Missing qbot2; Sat Jun  8 04:30:12 PM CEST 2024
Missing qbot2; Sat Jun  8 04:30:15 PM CEST 2024
Missing qbot2; Sat Jun  8 04:30:15 PM CEST 2024
Missing qbot2; Sat Jun  8 04:30:15 PM CEST 2024
Missing qbot2; Sat Jun  8 04:30:15 PM CEST 2024
Missing qbot2; Sat Jun  8 04:30:15 PM CEST 2024
Missing qbot2; Sat Jun  8 04:30:15 PM CEST 2024
Missing qbot2; Sat Jun  8 04:30:15 PM CEST 2024
OK qbot; Sat Jun  8 04:30:16 PM CEST 2024
OK qbot; Sat Jun  8 04:30:22 PM CEST 2024
OK qbot; Sat Jun  8 04:30:22 PM CEST 2024
OK qbot; Sat Jun  8 04:30:22 PM CEST 2024
OK qbot; Sat Jun  8 04:30:22 PM CEST 2024
OK qbot; Sat Jun  8 04:30:22 PM CEST 2024
Missing qbot2; Sat Jun  8 04:30:22 PM CEST 2024
OK qbot; Sat Jun  8 04:30:22 PM CEST 2024
OK qbot; Sat Jun  8 04:30:27 PM CEST 2024
OK qbot; Sat Jun  8 04:30:27 PM CEST 2024
OK qbot; Sat Jun  8 04:30:32 PM CEST 2024
OK qbot; Sat Jun  8 04:30:32 PM CEST 2024
OK qbot; Sat Jun  8 04:30:32 PM CEST 2024
OK qbot; Sat Jun  8 04:30:32 PM CEST 2024
OK qbot; Sat Jun  8 04:30:32 PM CEST 2024
OK qbot; Sat Jun  8 04:30:38 PM CEST 2024
Missing qbot2; Sat Jun  8 04:33:01 PM CEST 2024
Missing qbot2; Sat Jun  8 04:36:01 PM CEST 2024
OK qbot; Sat Jun  8 04:36:01 PM CEST 2024
Missing qbot2; Sat Jun  8 04:39:01 PM CEST 2024
Missing qbot2; Sat Jun  8 04:42:01 PM CEST 2024
Missing qbot2; Sat Jun  8 04:45:08 PM CEST 2024
Missing qbot2; Sat Jun  8 04:48:01 PM CEST 2024
Missing qbot2; Sat Jun  8 04:51:01 PM CEST 2024
Missing qbot2; Sat Jun  8 04:54:01 PM CEST 2024
Missing qbot2; Sat Jun  8 04:57:01 PM CEST 2024
Missing qbot2; Sat Jun  8 05:00:01 PM CEST 2024
OK qbot; Sat Jun  8 05:00:01 PM CEST 2024
Missing qbot2; Sat Jun  8 05:03:01 PM CEST 2024
OK qbot; Sat Jun  8 05:03:01 PM CEST 2024
Missing qbot2; Sat Jun  8 05:06:01 PM CEST 2024
OK qbot; Sat Jun  8 05:06:01 PM CEST 2024
Missing qbot2; Sat Jun  8 05:09:01 PM CEST 2024
OK qbot; Sat Jun  8 05:09:01 PM CEST 2024
Missing qbot2; Sat Jun  8 05:12:01 PM CEST 2024
OK qbot; Sat Jun  8 05:12:01 PM CEST 2024
Missing qbot2; Sat Jun  8 05:15:01 PM CEST 2024
OK qbot; Sat Jun  8 05:15:01 PM CEST 2024
Missing qbot2; Sat Jun  8 05:18:01 PM CEST 2024
OK qbot; Sat Jun  8 05:18:01 PM CEST 2024
Missing qbot2; Sat Jun  8 05:21:01 PM CEST 2024
OK qbot; Sat Jun  8 05:21:01 PM CEST 2024
Missing qbot2; Sat Jun  8 05:24:01 PM CEST 2024
Missing qbot2; Sat Jun  8 05:27:01 PM CEST 2024
OK qbot; Sat Jun  8 05:27:01 PM CEST 2024
Missing qbot2; Sat Jun  8 05:30:01 PM CEST 2024
OK qbot; Sat Jun  8 05:30:01 PM CEST 2024
Missing qbot2; Sat Jun  8 05:33:01 PM CEST 2024
Missing qbot2; Sat Jun  8 05:36:01 PM CEST 2024
OK qbot; Sat Jun  8 05:36:01 PM CEST 2024
Missing qbot2; Sat Jun  8 05:39:01 PM CEST 2024
OK qbot; Sat Jun  8 05:39:01 PM CEST 2024
Missing qbot2; Sat Jun  8 05:42:01 PM CEST 2024
OK qbot; Sat Jun  8 05:42:02 PM CEST 2024
Missing qbot2; Sat Jun  8 05:45:01 PM CEST 2024
OK qbot; Sat Jun  8 05:45:01 PM CEST 2024
Missing qbot2; Sat Jun  8 05:48:01 PM CEST 2024
OK qbot; Sat Jun  8 05:48:01 PM CEST 2024
Missing qbot2; Sat Jun  8 05:51:01 PM CEST 2024
OK qbot; Sat Jun  8 05:51:01 PM CEST 2024
Missing qbot2; Sat Jun  8 05:54:01 PM CEST 2024
OK qbot; Sat Jun  8 05:54:01 PM CEST 2024
Missing qbot2; Sat Jun  8 05:57:01 PM CEST 2024
OK qbot; Sat Jun  8 05:57:01 PM CEST 2024
Missing qbot2; Sat Jun  8 06:00:02 PM CEST 2024
OK qbot; Sat Jun  8 06:00:02 PM CEST 2024
Missing qbot2; Sat Jun  8 06:03:01 PM CEST 2024
OK qbot; Sat Jun  8 06:03:01 PM CEST 2024
Missing qbot2; Sat Jun  8 06:06:01 PM CEST 2024
OK qbot; Sat Jun  8 06:06:01 PM CEST 2024
Missing qbot2; Sat Jun  8 06:09:01 PM CEST 2024
OK qbot; Sat Jun  8 06:09:01 PM CEST 2024
Missing qbot2; Sat Jun  8 06:12:01 PM CEST 2024
OK qbot; Sat Jun  8 06:12:01 PM CEST 2024
Missing qbot2; Sat Jun  8 06:15:02 PM CEST 2024
OK qbot; Sat Jun  8 06:15:02 PM CEST 2024
Missing qbot2; Sat Jun  8 06:18:01 PM CEST 2024
OK qbot; Sat Jun  8 06:18:01 PM CEST 2024
Missing qbot2; Sat Jun  8 06:21:01 PM CEST 2024
OK qbot; Sat Jun  8 06:21:01 PM CEST 2024
Missing qbot2; Sat Jun  8 06:24:01 PM CEST 2024
OK qbot; Sat Jun  8 06:24:01 PM CEST 2024
Missing qbot2; Sat Jun  8 06:27:01 PM CEST 2024
OK qbot; Sat Jun  8 06:27:01 PM CEST 2024
Missing qbot2; Sat Jun  8 06:30:02 PM CEST 2024
OK qbot; Sat Jun  8 06:30:03 PM CEST 2024
Missing qbot2; Sat Jun  8 06:33:01 PM CEST 2024
OK qbot; Sat Jun  8 06:33:01 PM CEST 2024
Missing qbot2; Sat Jun  8 06:36:01 PM CEST 2024
OK qbot; Sat Jun  8 06:36:01 PM CEST 2024
Missing qbot2; Sat Jun  8 06:39:01 PM CEST 2024
OK qbot; Sat Jun  8 06:39:01 PM CEST 2024
Missing qbot2; Sat Jun  8 06:42:02 PM CEST 2024
OK qbot; Sat Jun  8 06:42:02 PM CEST 2024
Missing qbot2; Sat Jun  8 06:45:02 PM CEST 2024
OK qbot; Sat Jun  8 06:45:03 PM CEST 2024
Missing qbot2; Sat Jun  8 06:48:01 PM CEST 2024
OK qbot; Sat Jun  8 06:48:01 PM CEST 2024
Missing qbot2; Sat Jun  8 06:51:01 PM CEST 2024
OK qbot; Sat Jun  8 06:51:01 PM CEST 2024
Missing qbot2; Sat Jun  8 06:54:01 PM CEST 2024
OK qbot; Sat Jun  8 06:54:01 PM CEST 2024
Missing qbot2; Sat Jun  8 06:57:01 PM CEST 2024
OK qbot; Sat Jun  8 06:57:01 PM CEST 2024
Missing qbot2; Sat Jun  8 07:00:02 PM CEST 2024
OK qbot; Sat Jun  8 07:00:03 PM CEST 2024
Missing qbot2; Sat Jun  8 07:03:01 PM CEST 2024
OK qbot; Sat Jun  8 07:03:01 PM CEST 2024
Missing qbot2; Sat Jun  8 07:06:01 PM CEST 2024
OK qbot; Sat Jun  8 07:06:01 PM CEST 2024
Missing qbot2; Sat Jun  8 07:09:01 PM CEST 2024
OK qbot; Sat Jun  8 07:09:02 PM CEST 2024
Missing qbot2; Sat Jun  8 07:12:01 PM CEST 2024
OK qbot; Sat Jun  8 07:12:01 PM CEST 2024
Missing qbot2; Sat Jun  8 07:15:02 PM CEST 2024
OK qbot; Sat Jun  8 07:15:03 PM CEST 2024
Missing qbot2; Sat Jun  8 07:18:01 PM CEST 2024
OK qbot; Sat Jun  8 07:18:01 PM CEST 2024
Missing qbot2; Sat Jun  8 07:21:01 PM CEST 2024
OK qbot; Sat Jun  8 07:21:01 PM CEST 2024
Missing qbot2; Sat Jun  8 07:24:01 PM CEST 2024
OK qbot; Sat Jun  8 07:24:01 PM CEST 2024
Missing qbot2; Sat Jun  8 07:27:01 PM CEST 2024
OK qbot; Sat Jun  8 07:27:01 PM CEST 2024
Missing qbot2; Sat Jun  8 07:30:05 PM CEST 2024
OK qbot; Sat Jun  8 07:30:06 PM CEST 2024
Missing qbot2; Sat Jun  8 07:33:01 PM CEST 2024
OK qbot; Sat Jun  8 07:33:01 PM CEST 2024
Missing qbot2; Sat Jun  8 07:36:01 PM CEST 2024
OK qbot; Sat Jun  8 07:36:01 PM CEST 2024
Missing qbot2; Sat Jun  8 07:39:01 PM CEST 2024
OK qbot; Sat Jun  8 07:39:01 PM CEST 2024
Missing qbot2; Sat Jun  8 07:42:01 PM CEST 2024
OK qbot; Sat Jun  8 07:42:01 PM CEST 2024
Missing qbot2; Sat Jun  8 07:45:04 PM CEST 2024
OK qbot; Sat Jun  8 07:45:06 PM CEST 2024
Missing qbot2; Sat Jun  8 07:48:01 PM CEST 2024
OK qbot; Sat Jun  8 07:48:01 PM CEST 2024
Missing qbot2; Sat Jun  8 07:51:01 PM CEST 2024
OK qbot; Sat Jun  8 07:51:01 PM CEST 2024
Missing qbot2; Sat Jun  8 07:54:01 PM CEST 2024
OK qbot; Sat Jun  8 07:54:01 PM CEST 2024
Missing qbot2; Sat Jun  8 07:57:01 PM CEST 2024
OK qbot; Sat Jun  8 07:57:01 PM CEST 2024
Missing qbot2; Sat Jun  8 08:00:04 PM CEST 2024
OK qbot; Sat Jun  8 08:00:07 PM CEST 2024
Missing qbot2; Sat Jun  8 08:03:01 PM CEST 2024
OK qbot; Sat Jun  8 08:03:01 PM CEST 2024
Missing qbot2; Sat Jun  8 08:06:01 PM CEST 2024
OK qbot; Sat Jun  8 08:06:01 PM CEST 2024
Missing qbot2; Sat Jun  8 08:09:01 PM CEST 2024
OK qbot; Sat Jun  8 08:09:01 PM CEST 2024
Missing qbot2; Sat Jun  8 08:12:01 PM CEST 2024
OK qbot; Sat Jun  8 08:12:01 PM CEST 2024
Missing qbot2; Sat Jun  8 08:15:04 PM CEST 2024
OK qbot; Sat Jun  8 08:15:06 PM CEST 2024
Missing qbot2; Sat Jun  8 08:18:01 PM CEST 2024
OK qbot; Sat Jun  8 08:18:01 PM CEST 2024
Missing qbot2; Sat Jun  8 08:21:01 PM CEST 2024
OK qbot; Sat Jun  8 08:21:01 PM CEST 2024
Missing qbot2; Sat Jun  8 08:24:01 PM CEST 2024
OK qbot; Sat Jun  8 08:24:01 PM CEST 2024
Missing qbot2; Sat Jun  8 08:27:01 PM CEST 2024
OK qbot; Sat Jun  8 08:27:01 PM CEST 2024
Missing qbot2; Sat Jun  8 08:30:05 PM CEST 2024
OK qbot; Sat Jun  8 08:30:10 PM CEST 2024
Missing qbot2; Sat Jun  8 08:33:01 PM CEST 2024
OK qbot; Sat Jun  8 08:33:01 PM CEST 2024
Missing qbot2; Sat Jun  8 08:36:01 PM CEST 2024
OK qbot; Sat Jun  8 08:36:01 PM CEST 2024
Missing qbot2; Sat Jun  8 08:39:01 PM CEST 2024
OK qbot; Sat Jun  8 08:39:01 PM CEST 2024
Missing qbot2; Sat Jun  8 08:42:01 PM CEST 2024
OK qbot; Sat Jun  8 08:42:01 PM CEST 2024
Missing qbot2; Sat Jun  8 08:45:06 PM CEST 2024
OK qbot; Sat Jun  8 08:45:10 PM CEST 2024
Missing qbot2; Sat Jun  8 08:48:01 PM CEST 2024
OK qbot; Sat Jun  8 08:48:01 PM CEST 2024
Missing qbot2; Sat Jun  8 08:51:01 PM CEST 2024
OK qbot; Sat Jun  8 08:51:01 PM CEST 2024
Missing qbot2; Sat Jun  8 08:54:01 PM CEST 2024
OK qbot; Sat Jun  8 08:54:01 PM CEST 2024
Missing qbot2; Sat Jun  8 08:57:01 PM CEST 2024
OK qbot; Sat Jun  8 08:57:01 PM CEST 2024
Missing qbot2; Sat Jun  8 09:00:07 PM CEST 2024
OK qbot; Sat Jun  8 09:00:13 PM CEST 2024
Missing qbot2; Sat Jun  8 09:03:01 PM CEST 2024
OK qbot; Sat Jun  8 09:03:01 PM CEST 2024
Missing qbot2; Sat Jun  8 09:06:01 PM CEST 2024
OK qbot; Sat Jun  8 09:06:01 PM CEST 2024
Missing qbot2; Sat Jun  8 09:09:01 PM CEST 2024
OK qbot; Sat Jun  8 09:09:01 PM CEST 2024
Missing qbot2; Sat Jun  8 09:12:01 PM CEST 2024
OK qbot; Sat Jun  8 09:12:01 PM CEST 2024
Missing qbot2; Sat Jun  8 09:15:18 PM CEST 2024
OK qbot; Sat Jun  8 09:15:24 PM CEST 2024
Missing qbot2; Sat Jun  8 09:18:01 PM CEST 2024
OK qbot; Sat Jun  8 09:18:01 PM CEST 2024
Missing qbot2; Sat Jun  8 09:21:01 PM CEST 2024
OK qbot; Sat Jun  8 09:21:01 PM CEST 2024
Missing qbot2; Sat Jun  8 09:24:01 PM CEST 2024
OK qbot; Sat Jun  8 09:24:01 PM CEST 2024
Missing qbot2; Sat Jun  8 09:27:01 PM CEST 2024
OK qbot; Sat Jun  8 09:27:01 PM CEST 2024
Missing qbot2; Sat Jun  8 09:30:16 PM CEST 2024
OK qbot; Sat Jun  8 09:30:19 PM CEST 2024
Missing qbot2; Sat Jun  8 09:33:01 PM CEST 2024
OK qbot; Sat Jun  8 09:33:01 PM CEST 2024
Missing qbot2; Sat Jun  8 09:36:01 PM CEST 2024
OK qbot; Sat Jun  8 09:36:01 PM CEST 2024
Missing qbot2; Sat Jun  8 09:39:01 PM CEST 2024
OK qbot; Sat Jun  8 09:39:01 PM CEST 2024
Missing qbot2; Sat Jun  8 09:42:01 PM CEST 2024
OK qbot; Sat Jun  8 09:42:01 PM CEST 2024
Missing qbot2; Sat Jun  8 09:45:13 PM CEST 2024
OK qbot; Sat Jun  8 09:45:14 PM CEST 2024
Missing qbot2; Sat Jun  8 09:48:01 PM CEST 2024
OK qbot; Sat Jun  8 09:48:01 PM CEST 2024
Missing qbot2; Sat Jun  8 09:51:01 PM CEST 2024
OK qbot; Sat Jun  8 09:51:02 PM CEST 2024
Missing qbot2; Sat Jun  8 09:54:01 PM CEST 2024
OK qbot; Sat Jun  8 09:54:01 PM CEST 2024
Missing qbot2; Sat Jun  8 09:57:01 PM CEST 2024
OK qbot; Sat Jun  8 09:57:01 PM CEST 2024
Missing qbot2; Sat Jun  8 10:00:20 PM CEST 2024
OK qbot; Sat Jun  8 10:00:24 PM CEST 2024
Missing qbot2; Sat Jun  8 10:03:01 PM CEST 2024
OK qbot; Sat Jun  8 10:03:01 PM CEST 2024
Missing qbot2; Sat Jun  8 10:06:01 PM CEST 2024
OK qbot; Sat Jun  8 10:06:01 PM CEST 2024
Missing qbot2; Sat Jun  8 10:09:01 PM CEST 2024
OK qbot; Sat Jun  8 10:09:01 PM CEST 2024
Missing qbot2; Sun Jun  9 12:48:39 PM CEST 2024
Missing qbot2; Sun Jun  9 12:48:39 PM CEST 2024
Missing qbot2; Sun Jun  9 12:48:39 PM CEST 2024
Missing qbot2; Sun Jun  9 12:48:39 PM CEST 2024
Missing qbot2; Sun Jun  9 12:48:39 PM CEST 2024
Missing qbot2; Sun Jun  9 12:48:39 PM CEST 2024
Missing qbot2; Sun Jun  9 01:09:02 PM CEST 2024
Missing qbot2; Sun Jun  9 01:12:01 PM CEST 2024
OK qbot; Sun Jun  9 01:12:01 PM CEST 2024
Missing qbot2; Sun Jun  9 01:15:01 PM CEST 2024
OK qbot; Sun Jun  9 01:15:01 PM CEST 2024
Missing qbot2; Sun Jun  9 01:18:01 PM CEST 2024
OK qbot; Sun Jun  9 01:18:01 PM CEST 2024
Missing qbot2; Sun Jun  9 01:21:01 PM CEST 2024
OK qbot; Sun Jun  9 01:21:01 PM CEST 2024
Missing qbot2; Sun Jun  9 01:24:01 PM CEST 2024
OK qbot; Sun Jun  9 01:24:01 PM CEST 2024
Missing qbot2; Sun Jun  9 01:27:01 PM CEST 2024
OK qbot; Sun Jun  9 01:27:01 PM CEST 2024
Missing qbot2; Sun Jun  9 01:30:01 PM CEST 2024
OK qbot; Sun Jun  9 01:30:01 PM CEST 2024
Missing qbot2; Sun Jun  9 01:33:01 PM CEST 2024
OK qbot; Sun Jun  9 01:33:01 PM CEST 2024
Missing qbot2; Sun Jun  9 01:36:02 PM CEST 2024
OK qbot; Sun Jun  9 01:36:02 PM CEST 2024
Missing qbot2; Sun Jun  9 01:39:01 PM CEST 2024
OK qbot; Sun Jun  9 01:39:01 PM CEST 2024
Missing qbot2; Sun Jun  9 01:42:01 PM CEST 2024
OK qbot; Sun Jun  9 01:42:01 PM CEST 2024
Missing qbot2; Sun Jun  9 01:45:02 PM CEST 2024
OK qbot; Sun Jun  9 01:45:02 PM CEST 2024
Missing qbot2; Sun Jun  9 01:48:01 PM CEST 2024
OK qbot; Sun Jun  9 01:48:01 PM CEST 2024
Missing qbot2; Sun Jun  9 01:51:01 PM CEST 2024
OK qbot; Sun Jun  9 01:51:01 PM CEST 2024
Missing qbot2; Sun Jun  9 01:54:01 PM CEST 2024
OK qbot; Sun Jun  9 01:54:01 PM CEST 2024
Missing qbot2; Sun Jun  9 01:57:01 PM CEST 2024
OK qbot; Sun Jun  9 01:57:01 PM CEST 2024
Missing qbot2; Sun Jun  9 02:00:02 PM CEST 2024
OK qbot; Sun Jun  9 02:00:02 PM CEST 2024
Missing qbot2; Sun Jun  9 02:03:01 PM CEST 2024
OK qbot; Sun Jun  9 02:03:01 PM CEST 2024
Missing qbot2; Sun Jun  9 02:06:01 PM CEST 2024
OK qbot; Sun Jun  9 02:06:01 PM CEST 2024
Missing qbot2; Sun Jun  9 02:09:01 PM CEST 2024
OK qbot; Sun Jun  9 02:09:01 PM CEST 2024
Missing qbot2; Sun Jun  9 02:12:01 PM CEST 2024
OK qbot; Sun Jun  9 02:12:01 PM CEST 2024
Missing qbot2; Sun Jun  9 02:15:03 PM CEST 2024
OK qbot; Sun Jun  9 02:15:04 PM CEST 2024
Missing qbot2; Sun Jun  9 02:18:01 PM CEST 2024
OK qbot; Sun Jun  9 02:18:01 PM CEST 2024
Missing qbot2; Sun Jun  9 02:21:01 PM CEST 2024
OK qbot; Sun Jun  9 02:21:01 PM CEST 2024
Missing qbot2; Sun Jun  9 02:24:01 PM CEST 2024
OK qbot; Sun Jun  9 02:24:01 PM CEST 2024
Missing qbot2; Sun Jun  9 02:27:01 PM CEST 2024
OK qbot; Sun Jun  9 02:27:01 PM CEST 2024
Missing qbot2; Sun Jun  9 02:30:05 PM CEST 2024
OK qbot; Sun Jun  9 02:30:07 PM CEST 2024
Missing qbot2; Sun Jun  9 02:33:01 PM CEST 2024
OK qbot; Sun Jun  9 02:33:01 PM CEST 2024
Missing qbot2; Sun Jun  9 02:36:01 PM CEST 2024
OK qbot; Sun Jun  9 02:36:01 PM CEST 2024
Missing qbot2; Sun Jun  9 02:39:01 PM CEST 2024
OK qbot; Sun Jun  9 02:39:01 PM CEST 2024
Missing qbot2; Sun Jun  9 02:42:01 PM CEST 2024
OK qbot; Sun Jun  9 02:42:02 PM CEST 2024
Missing qbot2; Sun Jun  9 02:45:05 PM CEST 2024
OK qbot; Sun Jun  9 02:45:08 PM CEST 2024
Missing qbot2; Sun Jun  9 02:48:01 PM CEST 2024
OK qbot; Sun Jun  9 02:48:01 PM CEST 2024
Missing qbot2; Sun Jun  9 02:51:01 PM CEST 2024
OK qbot; Sun Jun  9 02:51:01 PM CEST 2024
Missing qbot2; Sun Jun  9 02:54:01 PM CEST 2024
OK qbot; Sun Jun  9 02:54:01 PM CEST 2024
Missing qbot2; Sun Jun  9 02:57:01 PM CEST 2024
OK qbot; Sun Jun  9 02:57:01 PM CEST 2024
Missing qbot2; Sun Jun  9 03:00:04 PM CEST 2024
OK qbot; Sun Jun  9 03:00:09 PM CEST 2024
Missing qbot2; Sun Jun  9 03:03:01 PM CEST 2024
OK qbot; Sun Jun  9 03:03:01 PM CEST 2024
Missing qbot2; Sun Jun  9 03:06:01 PM CEST 2024
OK qbot; Sun Jun  9 03:06:01 PM CEST 2024
Missing qbot2; Sun Jun  9 03:09:01 PM CEST 2024
OK qbot; Sun Jun  9 03:09:01 PM CEST 2024
Missing qbot2; Sun Jun  9 03:12:01 PM CEST 2024
OK qbot; Sun Jun  9 03:12:01 PM CEST 2024
Missing qbot2; Sun Jun  9 03:15:06 PM CEST 2024
OK qbot; Sun Jun  9 03:15:11 PM CEST 2024
Missing qbot2; Sun Jun  9 03:18:01 PM CEST 2024
OK qbot; Sun Jun  9 03:18:01 PM CEST 2024
Missing qbot2; Sun Jun  9 03:21:01 PM CEST 2024
OK qbot; Sun Jun  9 03:21:01 PM CEST 2024
Missing qbot2; Sun Jun  9 03:24:01 PM CEST 2024
OK qbot; Sun Jun  9 03:24:01 PM CEST 2024
Missing qbot2; Sun Jun  9 03:27:02 PM CEST 2024
OK qbot; Sun Jun  9 03:27:02 PM CEST 2024
Missing qbot2; Sun Jun  9 03:30:03 PM CEST 2024
OK qbot; Sun Jun  9 03:30:04 PM CEST 2024
Missing qbot2; Sun Jun  9 03:33:01 PM CEST 2024
OK qbot; Sun Jun  9 03:33:01 PM CEST 2024
Missing qbot2; Sun Jun  9 03:36:01 PM CEST 2024
OK qbot; Sun Jun  9 03:36:01 PM CEST 2024
Missing qbot2; Sun Jun  9 03:39:01 PM CEST 2024
OK qbot; Sun Jun  9 03:39:01 PM CEST 2024
Missing qbot2; Sun Jun  9 03:42:01 PM CEST 2024
OK qbot; Sun Jun  9 03:42:01 PM CEST 2024
Missing qbot2; Sun Jun  9 03:45:07 PM CEST 2024
OK qbot; Sun Jun  9 03:45:14 PM CEST 2024
Missing qbot2; Sun Jun  9 03:48:01 PM CEST 2024
OK qbot; Sun Jun  9 03:48:01 PM CEST 2024
Missing qbot2; Sun Jun  9 03:51:01 PM CEST 2024
OK qbot; Sun Jun  9 03:51:01 PM CEST 2024
Missing qbot2; Sun Jun  9 03:54:01 PM CEST 2024
OK qbot; Sun Jun  9 03:54:01 PM CEST 2024
Missing qbot2; Sun Jun  9 03:57:01 PM CEST 2024
OK qbot; Sun Jun  9 03:57:01 PM CEST 2024
Missing qbot2; Sun Jun  9 04:00:05 PM CEST 2024
OK qbot; Sun Jun  9 04:00:11 PM CEST 2024
Missing qbot2; Sun Jun  9 04:03:01 PM CEST 2024
OK qbot; Sun Jun  9 04:03:01 PM CEST 2024
Missing qbot2; Sun Jun  9 04:06:01 PM CEST 2024
OK qbot; Sun Jun  9 04:06:01 PM CEST 2024
Missing qbot2; Sun Jun  9 04:09:01 PM CEST 2024
OK qbot; Sun Jun  9 04:09:01 PM CEST 2024
Missing qbot2; Sun Jun  9 04:12:01 PM CEST 2024
OK qbot; Sun Jun  9 04:12:01 PM CEST 2024
Missing qbot2; Sun Jun  9 04:15:03 PM CEST 2024
OK qbot; Sun Jun  9 04:15:04 PM CEST 2024
Missing qbot2; Sun Jun  9 04:18:01 PM CEST 2024
OK qbot; Sun Jun  9 04:18:01 PM CEST 2024
Missing qbot2; Sun Jun  9 04:21:01 PM CEST 2024
OK qbot; Sun Jun  9 04:21:01 PM CEST 2024
Missing qbot2; Sun Jun  9 04:24:01 PM CEST 2024
OK qbot; Sun Jun  9 04:24:01 PM CEST 2024
Missing qbot2; Sun Jun  9 04:27:01 PM CEST 2024
OK qbot; Sun Jun  9 04:27:01 PM CEST 2024
Missing qbot2; Sun Jun  9 04:30:03 PM CEST 2024
OK qbot; Sun Jun  9 04:30:05 PM CEST 2024
Missing qbot2; Sun Jun  9 04:33:01 PM CEST 2024
OK qbot; Sun Jun  9 04:33:01 PM CEST 2024
Missing qbot2; Sun Jun  9 04:36:01 PM CEST 2024
OK qbot; Sun Jun  9 04:36:01 PM CEST 2024
Missing qbot2; Sun Jun  9 04:39:01 PM CEST 2024
OK qbot; Sun Jun  9 04:39:01 PM CEST 2024
Missing qbot2; Sun Jun  9 04:42:01 PM CEST 2024
OK qbot; Sun Jun  9 04:42:01 PM CEST 2024
Missing qbot2; Sun Jun  9 04:45:03 PM CEST 2024
OK qbot; Sun Jun  9 04:45:05 PM CEST 2024
Missing qbot2; Sun Jun  9 04:48:01 PM CEST 2024
OK qbot; Sun Jun  9 04:48:01 PM CEST 2024
Missing qbot2; Sun Jun  9 04:51:01 PM CEST 2024
OK qbot; Sun Jun  9 04:51:01 PM CEST 2024
Missing qbot2; Sun Jun  9 04:54:01 PM CEST 2024
OK qbot; Sun Jun  9 04:54:01 PM CEST 2024
Missing qbot2; Sun Jun  9 04:57:01 PM CEST 2024
OK qbot; Sun Jun  9 04:57:01 PM CEST 2024
Missing qbot2; Sun Jun  9 05:00:05 PM CEST 2024
OK qbot; Sun Jun  9 05:00:08 PM CEST 2024
Missing qbot2; Sun Jun  9 05:03:01 PM CEST 2024
OK qbot; Sun Jun  9 05:03:01 PM CEST 2024
Missing qbot2; Sun Jun  9 05:06:01 PM CEST 2024
OK qbot; Sun Jun  9 05:06:01 PM CEST 2024
Missing qbot2; Sun Jun  9 05:09:01 PM CEST 2024
OK qbot; Sun Jun  9 05:09:01 PM CEST 2024
Missing qbot2; Sun Jun  9 05:12:02 PM CEST 2024
OK qbot; Sun Jun  9 05:12:02 PM CEST 2024
Missing qbot2; Sun Jun  9 05:15:04 PM CEST 2024
OK qbot; Sun Jun  9 05:15:06 PM CEST 2024
Missing qbot2; Sun Jun  9 05:18:01 PM CEST 2024
OK qbot; Sun Jun  9 05:18:01 PM CEST 2024
Missing qbot2; Sun Jun  9 06:33:28 PM CEST 2024
Missing qbot2; Sun Jun  9 06:33:30 PM CEST 2024
Missing qbot2; Sun Jun  9 06:33:31 PM CEST 2024
Missing qbot2; Sun Jun  9 06:33:31 PM CEST 2024
OK qbot; Sun Jun  9 06:33:31 PM CEST 2024
Missing qbot2; Sun Jun  9 06:33:31 PM CEST 2024
Missing qbot2; Sun Jun  9 06:33:31 PM CEST 2024
OK qbot; Sun Jun  9 06:33:32 PM CEST 2024
OK qbot; Sun Jun  9 06:33:34 PM CEST 2024
OK qbot; Sun Jun  9 06:33:34 PM CEST 2024
OK qbot; Sun Jun  9 06:33:35 PM CEST 2024
Missing qbot2; Sun Jun  9 06:36:01 PM CEST 2024
Missing qbot2; Sun Jun  9 06:39:01 PM CEST 2024
OK qbot; Sun Jun  9 06:39:01 PM CEST 2024
Missing qbot2; Sun Jun  9 06:42:01 PM CEST 2024
Missing qbot2; Sun Jun  9 06:45:19 PM CEST 2024
Missing qbot2; Sun Jun  9 06:48:01 PM CEST 2024
Missing qbot2; Sun Jun  9 06:51:01 PM CEST 2024
Missing qbot2; Sun Jun  9 06:54:01 PM CEST 2024
Missing qbot2; Sun Jun  9 06:57:01 PM CEST 2024
Missing qbot2; Sun Jun  9 07:00:09 PM CEST 2024
Missing qbot2; Sun Jun  9 11:32:38 PM CEST 2024
Missing qbot2; Sun Jun  9 11:32:38 PM CEST 2024
Missing qbot2; Sun Jun  9 11:32:38 PM CEST 2024
Missing qbot2; Sun Jun  9 11:32:39 PM CEST 2024
OK qbot; Sun Jun  9 11:32:39 PM CEST 2024
OK qbot; Sun Jun  9 11:32:40 PM CEST 2024
OK qbot; Sun Jun  9 11:32:40 PM CEST 2024
OK qbot; Sun Jun  9 11:32:40 PM CEST 2024
Missing qbot2; Sun Jun  9 11:33:01 PM CEST 2024
OK qbot; Sun Jun  9 11:33:01 PM CEST 2024
Missing qbot2; Sun Jun  9 11:36:01 PM CEST 2024
OK qbot; Sun Jun  9 11:36:01 PM CEST 2024
Missing qbot2; Sun Jun  9 11:39:01 PM CEST 2024
OK qbot; Sun Jun  9 11:39:01 PM CEST 2024
Missing qbot2; Mon Jun 10 01:05:36 AM CEST 2024
OK qbot; Mon Jun 10 01:05:36 AM CEST 2024
Missing qbot2; Mon Jun 10 01:06:01 AM CEST 2024
OK qbot; Mon Jun 10 01:06:01 AM CEST 2024
Missing qbot2; Mon Jun 10 01:09:01 AM CEST 2024
OK qbot; Mon Jun 10 01:09:01 AM CEST 2024
Missing qbot2; Mon Jun 10 01:12:01 AM CEST 2024
OK qbot; Mon Jun 10 01:12:01 AM CEST 2024
Missing qbot2; Mon Jun 10 01:15:07 AM CEST 2024
OK qbot; Mon Jun 10 01:15:12 AM CEST 2024
Missing qbot2; Mon Jun 10 01:18:01 AM CEST 2024
OK qbot; Mon Jun 10 01:18:01 AM CEST 2024
Missing qbot2; Mon Jun 10 01:21:01 AM CEST 2024
OK qbot; Mon Jun 10 01:21:01 AM CEST 2024
Missing qbot2; Mon Jun 10 01:24:01 AM CEST 2024
OK qbot; Mon Jun 10 01:24:01 AM CEST 2024
Missing qbot2; Mon Jun 10 01:27:01 AM CEST 2024
OK qbot; Mon Jun 10 01:27:01 AM CEST 2024
Missing qbot2; Mon Jun 10 01:30:08 AM CEST 2024
OK qbot; Mon Jun 10 01:30:09 AM CEST 2024
Missing qbot2; Mon Jun 10 01:33:01 AM CEST 2024
OK qbot; Mon Jun 10 01:33:02 AM CEST 2024
Missing qbot2; Mon Jun 10 01:36:01 AM CEST 2024
OK qbot; Mon Jun 10 01:36:01 AM CEST 2024
Missing qbot2; Mon Jun 10 01:39:01 AM CEST 2024
OK qbot; Mon Jun 10 01:39:01 AM CEST 2024
Missing qbot2; Mon Jun 10 01:42:01 AM CEST 2024
OK qbot; Mon Jun 10 01:42:01 AM CEST 2024
Missing qbot2; Mon Jun 10 01:45:05 AM CEST 2024
OK qbot; Mon Jun 10 01:45:08 AM CEST 2024
Missing qbot2; Mon Jun 10 01:48:01 AM CEST 2024
OK qbot; Mon Jun 10 01:48:01 AM CEST 2024
Missing qbot2; Mon Jun 10 01:51:01 AM CEST 2024
OK qbot; Mon Jun 10 01:51:01 AM CEST 2024
Missing qbot2; Mon Jun 10 01:54:01 AM CEST 2024
OK qbot; Mon Jun 10 01:54:01 AM CEST 2024
Missing qbot2; Mon Jun 10 01:57:01 AM CEST 2024
OK qbot; Mon Jun 10 01:57:01 AM CEST 2024
Missing qbot2; Mon Jun 10 02:00:04 AM CEST 2024
OK qbot; Mon Jun 10 02:00:10 AM CEST 2024
Missing qbot2; Mon Jun 10 02:03:01 AM CEST 2024
OK qbot; Mon Jun 10 02:03:01 AM CEST 2024
Missing qbot2; Mon Jun 10 02:06:01 AM CEST 2024
OK qbot; Mon Jun 10 02:06:01 AM CEST 2024
Missing qbot2; Mon Jun 10 02:09:01 AM CEST 2024
OK qbot; Mon Jun 10 02:09:01 AM CEST 2024
Missing qbot2; Mon Jun 10 02:12:01 AM CEST 2024
OK qbot; Mon Jun 10 02:12:01 AM CEST 2024
Missing qbot2; Mon Jun 10 02:15:10 AM CEST 2024
OK qbot; Mon Jun 10 02:15:11 AM CEST 2024
Missing qbot2; Mon Jun 10 02:18:01 AM CEST 2024
OK qbot; Mon Jun 10 02:18:01 AM CEST 2024
Missing qbot2; Mon Jun 10 02:21:01 AM CEST 2024
OK qbot; Mon Jun 10 02:21:01 AM CEST 2024
Missing qbot2; Mon Jun 10 02:24:01 AM CEST 2024
OK qbot; Mon Jun 10 02:24:01 AM CEST 2024
Missing qbot2; Mon Jun 10 02:27:01 AM CEST 2024
OK qbot; Mon Jun 10 02:27:01 AM CEST 2024
Missing qbot2; Mon Jun 10 02:30:08 AM CEST 2024
OK qbot; Mon Jun 10 02:30:10 AM CEST 2024
Missing qbot2; Mon Jun 10 02:33:01 AM CEST 2024
OK qbot; Mon Jun 10 02:33:01 AM CEST 2024
Missing qbot2; Mon Jun 10 02:36:01 AM CEST 2024
OK qbot; Mon Jun 10 02:36:01 AM CEST 2024
Missing qbot2; Mon Jun 10 02:39:01 AM CEST 2024
OK qbot; Mon Jun 10 02:39:01 AM CEST 2024
Missing qbot2; Mon Jun 10 02:42:01 AM CEST 2024
OK qbot; Mon Jun 10 02:42:01 AM CEST 2024
Missing qbot2; Mon Jun 10 02:45:04 AM CEST 2024
OK qbot; Mon Jun 10 02:45:11 AM CEST 2024
Missing qbot2; Mon Jun 10 02:48:01 AM CEST 2024
OK qbot; Mon Jun 10 02:48:01 AM CEST 2024
Missing qbot2; Mon Jun 10 02:51:02 AM CEST 2024
OK qbot; Mon Jun 10 02:51:02 AM CEST 2024
Missing qbot2; Mon Jun 10 02:54:01 AM CEST 2024
OK qbot; Mon Jun 10 02:54:01 AM CEST 2024
Missing qbot2; Mon Jun 10 02:57:01 AM CEST 2024
OK qbot; Mon Jun 10 02:57:01 AM CEST 2024
Missing qbot2; Mon Jun 10 03:00:12 AM CEST 2024
OK qbot; Mon Jun 10 03:00:13 AM CEST 2024
Missing qbot2; Mon Jun 10 03:03:01 AM CEST 2024
OK qbot; Mon Jun 10 03:03:01 AM CEST 2024
Missing qbot2; Mon Jun 10 03:06:02 AM CEST 2024
OK qbot; Mon Jun 10 03:06:02 AM CEST 2024
Missing qbot2; Mon Jun 10 03:09:01 AM CEST 2024
OK qbot; Mon Jun 10 03:09:01 AM CEST 2024
Missing qbot2; Mon Jun 10 03:12:01 AM CEST 2024
OK qbot; Mon Jun 10 03:12:01 AM CEST 2024
Missing qbot2; Mon Jun 10 03:15:18 AM CEST 2024
OK qbot; Mon Jun 10 03:15:20 AM CEST 2024
Missing qbot2; Mon Jun 10 03:18:01 AM CEST 2024
OK qbot; Mon Jun 10 03:18:01 AM CEST 2024
Missing qbot2; Mon Jun 10 03:21:01 AM CEST 2024
OK qbot; Mon Jun 10 03:21:01 AM CEST 2024
Missing qbot2; Mon Jun 10 03:24:02 AM CEST 2024
OK qbot; Mon Jun 10 03:24:02 AM CEST 2024
Missing qbot2; Mon Jun 10 03:27:01 AM CEST 2024
OK qbot; Mon Jun 10 03:27:02 AM CEST 2024
Missing qbot2; Mon Jun 10 03:30:17 AM CEST 2024
OK qbot; Mon Jun 10 03:30:20 AM CEST 2024
Missing qbot2; Mon Jun 10 03:33:01 AM CEST 2024
OK qbot; Mon Jun 10 03:33:01 AM CEST 2024
Missing qbot2; Mon Jun 10 03:36:01 AM CEST 2024
OK qbot; Mon Jun 10 03:36:01 AM CEST 2024
Missing qbot2; Mon Jun 10 03:39:01 AM CEST 2024
OK qbot; Mon Jun 10 03:39:01 AM CEST 2024
Missing qbot2; Mon Jun 10 03:42:01 AM CEST 2024
OK qbot; Mon Jun 10 03:42:01 AM CEST 2024
Missing qbot2; Mon Jun 10 03:45:07 AM CEST 2024
OK qbot; Mon Jun 10 03:45:11 AM CEST 2024
Missing qbot2; Mon Jun 10 03:48:01 AM CEST 2024
OK qbot; Mon Jun 10 03:48:01 AM CEST 2024
Missing qbot2; Mon Jun 10 03:51:01 AM CEST 2024
OK qbot; Mon Jun 10 03:51:01 AM CEST 2024
Missing qbot2; Mon Jun 10 03:54:01 AM CEST 2024
OK qbot; Mon Jun 10 03:54:01 AM CEST 2024
Missing qbot2; Mon Jun 10 03:57:01 AM CEST 2024
OK qbot; Mon Jun 10 03:57:01 AM CEST 2024
Missing qbot2; Mon Jun 10 04:00:14 AM CEST 2024
OK qbot; Mon Jun 10 04:00:15 AM CEST 2024
Missing qbot2; Mon Jun 10 04:03:01 AM CEST 2024
OK qbot; Mon Jun 10 04:03:01 AM CEST 2024
Missing qbot2; Mon Jun 10 04:06:01 AM CEST 2024
OK qbot; Mon Jun 10 04:06:01 AM CEST 2024
Missing qbot2; Mon Jun 10 04:09:01 AM CEST 2024
OK qbot; Mon Jun 10 04:09:01 AM CEST 2024
Missing qbot2; Mon Jun 10 04:12:01 AM CEST 2024
OK qbot; Mon Jun 10 04:12:01 AM CEST 2024
Missing qbot2; Mon Jun 10 04:15:12 AM CEST 2024
OK qbot; Mon Jun 10 04:15:13 AM CEST 2024
Missing qbot2; Mon Jun 10 04:18:02 AM CEST 2024
OK qbot; Mon Jun 10 04:18:02 AM CEST 2024
Missing qbot2; Mon Jun 10 04:21:02 AM CEST 2024
OK qbot; Mon Jun 10 04:21:02 AM CEST 2024
Missing qbot2; Mon Jun 10 04:24:01 AM CEST 2024
OK qbot; Mon Jun 10 04:24:01 AM CEST 2024
Missing qbot2; Mon Jun 10 04:27:01 AM CEST 2024
OK qbot; Mon Jun 10 04:27:01 AM CEST 2024
Missing qbot2; Mon Jun 10 04:30:14 AM CEST 2024
OK qbot; Mon Jun 10 04:30:15 AM CEST 2024
Missing qbot2; Mon Jun 10 04:33:01 AM CEST 2024
OK qbot; Mon Jun 10 04:33:01 AM CEST 2024
Missing qbot2; Mon Jun 10 04:36:01 AM CEST 2024
OK qbot; Mon Jun 10 04:36:01 AM CEST 2024
Missing qbot2; Mon Jun 10 04:39:01 AM CEST 2024
OK qbot; Mon Jun 10 04:39:01 AM CEST 2024
Missing qbot2; Mon Jun 10 04:42:01 AM CEST 2024
OK qbot; Mon Jun 10 04:42:01 AM CEST 2024
Missing qbot2; Mon Jun 10 04:45:15 AM CEST 2024
OK qbot; Mon Jun 10 04:45:16 AM CEST 2024
Missing qbot2; Mon Jun 10 04:48:01 AM CEST 2024
OK qbot; Mon Jun 10 04:48:01 AM CEST 2024
Missing qbot2; Mon Jun 10 04:51:01 AM CEST 2024
OK qbot; Mon Jun 10 04:51:01 AM CEST 2024
Missing qbot2; Mon Jun 10 04:54:01 AM CEST 2024
OK qbot; Mon Jun 10 04:54:01 AM CEST 2024
Missing qbot2; Mon Jun 10 04:57:01 AM CEST 2024
OK qbot; Mon Jun 10 04:57:01 AM CEST 2024
Missing qbot2; Mon Jun 10 05:00:05 AM CEST 2024
OK qbot; Mon Jun 10 05:00:15 AM CEST 2024
Missing qbot2; Mon Jun 10 05:03:01 AM CEST 2024
OK qbot; Mon Jun 10 05:03:01 AM CEST 2024
Missing qbot2; Mon Jun 10 05:06:01 AM CEST 2024
OK qbot; Mon Jun 10 05:06:01 AM CEST 2024
Missing qbot2; Mon Jun 10 05:09:01 AM CEST 2024
OK qbot; Mon Jun 10 05:09:01 AM CEST 2024
Missing qbot2; Mon Jun 10 05:12:01 AM CEST 2024
OK qbot; Mon Jun 10 05:12:01 AM CEST 2024
Missing qbot2; Mon Jun 10 05:15:12 AM CEST 2024
OK qbot; Mon Jun 10 05:15:16 AM CEST 2024
Missing qbot2; Mon Jun 10 05:18:01 AM CEST 2024
OK qbot; Mon Jun 10 05:18:01 AM CEST 2024
Missing qbot2; Mon Jun 10 05:21:01 AM CEST 2024
OK qbot; Mon Jun 10 05:21:01 AM CEST 2024
Missing qbot2; Mon Jun 10 05:24:01 AM CEST 2024
OK qbot; Mon Jun 10 05:24:01 AM CEST 2024
Missing qbot2; Mon Jun 10 05:27:01 AM CEST 2024
OK qbot; Mon Jun 10 05:27:01 AM CEST 2024
Missing qbot2; Mon Jun 10 05:30:07 AM CEST 2024
OK qbot; Mon Jun 10 05:30:08 AM CEST 2024
Missing qbot2; Mon Jun 10 05:33:02 AM CEST 2024
OK qbot; Mon Jun 10 05:33:02 AM CEST 2024
Missing qbot2; Mon Jun 10 05:36:02 AM CEST 2024
OK qbot; Mon Jun 10 05:36:02 AM CEST 2024
Missing qbot2; Mon Jun 10 05:39:01 AM CEST 2024
OK qbot; Mon Jun 10 05:39:01 AM CEST 2024
Missing qbot2; Mon Jun 10 05:42:02 AM CEST 2024
OK qbot; Mon Jun 10 05:42:02 AM CEST 2024
Missing qbot2; Mon Jun 10 05:45:02 AM CEST 2024
OK qbot; Mon Jun 10 05:45:11 AM CEST 2024
Missing qbot2; Mon Jun 10 05:48:01 AM CEST 2024
OK qbot; Mon Jun 10 05:48:01 AM CEST 2024
Missing qbot2; Mon Jun 10 05:51:01 AM CEST 2024
OK qbot; Mon Jun 10 05:51:01 AM CEST 2024
Missing qbot2; Mon Jun 10 05:54:01 AM CEST 2024
OK qbot; Mon Jun 10 05:54:01 AM CEST 2024
Missing qbot2; Mon Jun 10 05:57:02 AM CEST 2024
OK qbot; Mon Jun 10 05:57:02 AM CEST 2024
Missing qbot2; Mon Jun 10 06:00:07 AM CEST 2024
OK qbot; Mon Jun 10 06:00:09 AM CEST 2024
Missing qbot2; Mon Jun 10 06:03:01 AM CEST 2024
OK qbot; Mon Jun 10 06:03:01 AM CEST 2024
Missing qbot2; Mon Jun 10 06:06:03 AM CEST 2024
OK qbot; Mon Jun 10 06:06:03 AM CEST 2024
Missing qbot2; Mon Jun 10 06:09:01 AM CEST 2024
OK qbot; Mon Jun 10 06:09:01 AM CEST 2024
Missing qbot2; Mon Jun 10 06:12:01 AM CEST 2024
OK qbot; Mon Jun 10 06:12:01 AM CEST 2024
Missing qbot2; Mon Jun 10 06:15:06 AM CEST 2024
OK qbot; Mon Jun 10 06:15:14 AM CEST 2024
Missing qbot2; Mon Jun 10 06:18:01 AM CEST 2024
OK qbot; Mon Jun 10 06:18:01 AM CEST 2024
Missing qbot2; Mon Jun 10 06:21:01 AM CEST 2024
OK qbot; Mon Jun 10 06:21:02 AM CEST 2024
Missing qbot2; Mon Jun 10 06:24:01 AM CEST 2024
OK qbot; Mon Jun 10 06:24:01 AM CEST 2024
Missing qbot2; Mon Jun 10 06:27:01 AM CEST 2024
OK qbot; Mon Jun 10 06:27:01 AM CEST 2024
Missing qbot2; Mon Jun 10 06:30:07 AM CEST 2024
OK qbot; Mon Jun 10 06:30:13 AM CEST 2024
Missing qbot2; Mon Jun 10 06:33:01 AM CEST 2024
OK qbot; Mon Jun 10 06:33:01 AM CEST 2024
Missing qbot2; Mon Jun 10 06:36:01 AM CEST 2024
OK qbot; Mon Jun 10 06:36:01 AM CEST 2024
Missing qbot2; Mon Jun 10 06:39:01 AM CEST 2024
OK qbot; Mon Jun 10 06:39:01 AM CEST 2024
Missing qbot2; Mon Jun 10 06:42:01 AM CEST 2024
OK qbot; Mon Jun 10 06:42:01 AM CEST 2024
Missing qbot2; Mon Jun 10 06:45:14 AM CEST 2024
OK qbot; Mon Jun 10 06:45:15 AM CEST 2024
Missing qbot2; Mon Jun 10 06:48:01 AM CEST 2024
OK qbot; Mon Jun 10 06:48:01 AM CEST 2024
Missing qbot2; Mon Jun 10 06:51:01 AM CEST 2024
OK qbot; Mon Jun 10 06:51:01 AM CEST 2024
Missing qbot2; Mon Jun 10 06:54:01 AM CEST 2024
OK qbot; Mon Jun 10 06:54:01 AM CEST 2024
Missing qbot2; Mon Jun 10 06:57:01 AM CEST 2024
OK qbot; Mon Jun 10 06:57:01 AM CEST 2024
Missing qbot2; Mon Jun 10 07:00:12 AM CEST 2024
OK qbot; Mon Jun 10 07:00:16 AM CEST 2024
Missing qbot2; Mon Jun 10 07:03:01 AM CEST 2024
OK qbot; Mon Jun 10 07:03:01 AM CEST 2024
Missing qbot2; Mon Jun 10 07:06:01 AM CEST 2024
OK qbot; Mon Jun 10 07:06:01 AM CEST 2024
Missing qbot2; Mon Jun 10 07:09:01 AM CEST 2024
OK qbot; Mon Jun 10 07:09:01 AM CEST 2024
Missing qbot2; Mon Jun 10 07:12:01 AM CEST 2024
OK qbot; Mon Jun 10 07:12:01 AM CEST 2024
Missing qbot2; Mon Jun 10 07:15:17 AM CEST 2024
OK qbot; Mon Jun 10 07:15:19 AM CEST 2024
Missing qbot2; Mon Jun 10 07:18:01 AM CEST 2024
OK qbot; Mon Jun 10 07:18:01 AM CEST 2024
Missing qbot2; Mon Jun 10 07:21:01 AM CEST 2024
OK qbot; Mon Jun 10 07:21:01 AM CEST 2024
Missing qbot2; Mon Jun 10 07:24:01 AM CEST 2024
OK qbot; Mon Jun 10 07:24:01 AM CEST 2024
Missing qbot2; Mon Jun 10 07:27:01 AM CEST 2024
OK qbot; Mon Jun 10 07:27:01 AM CEST 2024
Missing qbot2; Mon Jun 10 07:30:13 AM CEST 2024
OK qbot; Mon Jun 10 07:30:18 AM CEST 2024
Missing qbot2; Mon Jun 10 07:33:01 AM CEST 2024
OK qbot; Mon Jun 10 07:33:01 AM CEST 2024
Missing qbot2; Mon Jun 10 07:36:01 AM CEST 2024
OK qbot; Mon Jun 10 07:36:01 AM CEST 2024
Missing qbot2; Mon Jun 10 07:39:01 AM CEST 2024
OK qbot; Mon Jun 10 07:39:01 AM CEST 2024
Missing qbot2; Mon Jun 10 07:42:01 AM CEST 2024
OK qbot; Mon Jun 10 07:42:01 AM CEST 2024
Missing qbot2; Mon Jun 10 07:45:15 AM CEST 2024
OK qbot; Mon Jun 10 07:45:29 AM CEST 2024
Missing qbot2; Mon Jun 10 07:48:02 AM CEST 2024
OK qbot; Mon Jun 10 07:48:02 AM CEST 2024
Missing qbot2; Mon Jun 10 07:51:01 AM CEST 2024
Missing qbot2; Mon Jun 10 07:54:01 AM CEST 2024
OK qbot; Mon Jun 10 07:54:01 AM CEST 2024
Missing qbot2; Mon Jun 10 07:57:01 AM CEST 2024
OK qbot; Mon Jun 10 07:57:01 AM CEST 2024
Missing qbot2; Mon Jun 10 08:00:17 AM CEST 2024
OK qbot; Mon Jun 10 08:00:20 AM CEST 2024
Missing qbot2; Mon Jun 10 08:03:01 AM CEST 2024
OK qbot; Mon Jun 10 08:03:01 AM CEST 2024
Missing qbot2; Mon Jun 10 08:06:01 AM CEST 2024
OK qbot; Mon Jun 10 08:06:01 AM CEST 2024
Missing qbot2; Mon Jun 10 08:09:01 AM CEST 2024
OK qbot; Mon Jun 10 08:09:01 AM CEST 2024
Missing qbot2; Mon Jun 10 08:12:01 AM CEST 2024
OK qbot; Mon Jun 10 08:12:01 AM CEST 2024
Missing qbot2; Mon Jun 10 08:15:17 AM CEST 2024
OK qbot; Mon Jun 10 08:15:20 AM CEST 2024
Missing qbot2; Mon Jun 10 08:18:01 AM CEST 2024
OK qbot; Mon Jun 10 08:18:01 AM CEST 2024
Missing qbot2; Mon Jun 10 08:21:01 AM CEST 2024
OK qbot; Mon Jun 10 08:21:01 AM CEST 2024
Missing qbot2; Mon Jun 10 08:24:01 AM CEST 2024
OK qbot; Mon Jun 10 08:24:01 AM CEST 2024
Missing qbot2; Mon Jun 10 08:27:01 AM CEST 2024
OK qbot; Mon Jun 10 08:27:02 AM CEST 2024
Missing qbot2; Mon Jun 10 08:30:05 AM CEST 2024
OK qbot; Mon Jun 10 08:30:11 AM CEST 2024
Missing qbot2; Mon Jun 10 08:33:01 AM CEST 2024
OK qbot; Mon Jun 10 08:33:01 AM CEST 2024
Missing qbot2; Mon Jun 10 08:36:01 AM CEST 2024
OK qbot; Mon Jun 10 08:36:01 AM CEST 2024
Missing qbot2; Mon Jun 10 08:39:01 AM CEST 2024
OK qbot; Mon Jun 10 08:39:01 AM CEST 2024
Missing qbot2; Mon Jun 10 08:42:01 AM CEST 2024
OK qbot; Mon Jun 10 08:42:01 AM CEST 2024
Missing qbot2; Mon Jun 10 08:45:10 AM CEST 2024
OK qbot; Mon Jun 10 08:45:12 AM CEST 2024
Missing qbot2; Mon Jun 10 08:48:01 AM CEST 2024
OK qbot; Mon Jun 10 08:48:01 AM CEST 2024
Missing qbot2; Mon Jun 10 08:51:01 AM CEST 2024
OK qbot; Mon Jun 10 08:51:01 AM CEST 2024
Missing qbot2; Mon Jun 10 08:54:01 AM CEST 2024
OK qbot; Mon Jun 10 08:54:01 AM CEST 2024
Missing qbot2; Mon Jun 10 08:57:01 AM CEST 2024
OK qbot; Mon Jun 10 08:57:01 AM CEST 2024
Missing qbot2; Mon Jun 10 09:00:05 AM CEST 2024
OK qbot; Mon Jun 10 09:00:07 AM CEST 2024
Missing qbot2; Mon Jun 10 09:03:01 AM CEST 2024
OK qbot; Mon Jun 10 09:03:01 AM CEST 2024
Missing qbot2; Mon Jun 10 09:06:01 AM CEST 2024
OK qbot; Mon Jun 10 09:06:01 AM CEST 2024
Missing qbot2; Mon Jun 10 09:09:01 AM CEST 2024
OK qbot; Mon Jun 10 09:09:01 AM CEST 2024
Missing qbot2; Mon Jun 10 09:12:01 AM CEST 2024
OK qbot; Mon Jun 10 09:12:01 AM CEST 2024
Missing qbot2; Mon Jun 10 09:15:05 AM CEST 2024
OK qbot; Mon Jun 10 09:15:12 AM CEST 2024
Missing qbot2; Mon Jun 10 09:18:01 AM CEST 2024
OK qbot; Mon Jun 10 09:18:01 AM CEST 2024
Missing qbot2; Mon Jun 10 09:21:01 AM CEST 2024
OK qbot; Mon Jun 10 09:21:01 AM CEST 2024
Missing qbot2; Mon Jun 10 09:24:01 AM CEST 2024
OK qbot; Mon Jun 10 09:24:01 AM CEST 2024
Missing qbot2; Mon Jun 10 09:27:01 AM CEST 2024
OK qbot; Mon Jun 10 09:27:01 AM CEST 2024
Missing qbot2; Mon Jun 10 09:30:18 AM CEST 2024
OK qbot; Mon Jun 10 09:30:27 AM CEST 2024
Missing qbot2; Mon Jun 10 09:33:01 AM CEST 2024
OK qbot; Mon Jun 10 09:33:01 AM CEST 2024
Missing qbot2; Mon Jun 10 09:36:01 AM CEST 2024
OK qbot; Mon Jun 10 09:36:01 AM CEST 2024
Missing qbot2; Mon Jun 10 09:39:01 AM CEST 2024
OK qbot; Mon Jun 10 09:39:01 AM CEST 2024
Missing qbot2; Mon Jun 10 09:42:01 AM CEST 2024
OK qbot; Mon Jun 10 09:42:01 AM CEST 2024
Missing qbot2; Mon Jun 10 09:45:12 AM CEST 2024
OK qbot; Mon Jun 10 09:45:13 AM CEST 2024
Missing qbot2; Mon Jun 10 09:48:01 AM CEST 2024
OK qbot; Mon Jun 10 09:48:01 AM CEST 2024
Missing qbot2; Mon Jun 10 09:51:01 AM CEST 2024
OK qbot; Mon Jun 10 09:51:01 AM CEST 2024
Missing qbot2; Mon Jun 10 09:54:01 AM CEST 2024
OK qbot; Mon Jun 10 09:54:01 AM CEST 2024
Missing qbot2; Mon Jun 10 09:57:01 AM CEST 2024
OK qbot; Mon Jun 10 09:57:01 AM CEST 2024
Missing qbot2; Mon Jun 10 10:00:13 AM CEST 2024
OK qbot; Mon Jun 10 10:00:14 AM CEST 2024
Missing qbot2; Mon Jun 10 10:03:01 AM CEST 2024
OK qbot; Mon Jun 10 10:03:01 AM CEST 2024
Missing qbot2; Mon Jun 10 10:06:01 AM CEST 2024
OK qbot; Mon Jun 10 10:06:01 AM CEST 2024
Missing qbot2; Mon Jun 10 10:09:01 AM CEST 2024
OK qbot; Mon Jun 10 10:09:01 AM CEST 2024
Missing qbot2; Mon Jun 10 10:12:02 AM CEST 2024
OK qbot; Mon Jun 10 10:12:02 AM CEST 2024
Missing qbot2; Mon Jun 10 10:15:09 AM CEST 2024
OK qbot; Mon Jun 10 10:15:12 AM CEST 2024
Missing qbot2; Mon Jun 10 10:18:01 AM CEST 2024
OK qbot; Mon Jun 10 10:18:01 AM CEST 2024
Missing qbot2; Mon Jun 10 10:21:01 AM CEST 2024
OK qbot; Mon Jun 10 10:21:01 AM CEST 2024
Missing qbot2; Mon Jun 10 10:24:01 AM CEST 2024
OK qbot; Mon Jun 10 10:24:02 AM CEST 2024
Missing qbot2; Mon Jun 10 10:27:01 AM CEST 2024
OK qbot; Mon Jun 10 10:27:01 AM CEST 2024
Missing qbot2; Mon Jun 10 10:30:13 AM CEST 2024
OK qbot; Mon Jun 10 10:30:14 AM CEST 2024
Missing qbot2; Mon Jun 10 10:33:01 AM CEST 2024
OK qbot; Mon Jun 10 10:33:01 AM CEST 2024
Missing qbot2; Mon Jun 10 10:36:01 AM CEST 2024
OK qbot; Mon Jun 10 10:36:01 AM CEST 2024
Missing qbot2; Mon Jun 10 10:39:01 AM CEST 2024
OK qbot; Mon Jun 10 10:39:01 AM CEST 2024
Missing qbot2; Mon Jun 10 10:42:01 AM CEST 2024
OK qbot; Mon Jun 10 10:42:01 AM CEST 2024
Missing qbot2; Mon Jun 10 10:45:20 AM CEST 2024
Missing qbot2; Mon Jun 10 10:48:01 AM CEST 2024
OK qbot; Mon Jun 10 10:48:01 AM CEST 2024
Missing qbot2; Mon Jun 10 10:51:02 AM CEST 2024
OK qbot; Mon Jun 10 10:51:02 AM CEST 2024
Missing qbot2; Mon Jun 10 10:54:01 AM CEST 2024
OK qbot; Mon Jun 10 10:54:01 AM CEST 2024
Missing qbot2; Mon Jun 10 11:09:01 AM CEST 2024
Missing qbot2; Mon Jun 10 11:12:01 AM CEST 2024
OK qbot; Mon Jun 10 11:12:01 AM CEST 2024
Missing qbot2; Mon Jun 10 11:15:01 AM CEST 2024
OK qbot; Mon Jun 10 11:15:01 AM CEST 2024
Missing qbot2; Mon Jun 10 11:18:01 AM CEST 2024
OK qbot; Mon Jun 10 11:18:01 AM CEST 2024
Missing qbot2; Mon Jun 10 11:21:01 AM CEST 2024
OK qbot; Mon Jun 10 11:21:01 AM CEST 2024
Missing qbot2; Mon Jun 10 11:24:01 AM CEST 2024
OK qbot; Mon Jun 10 11:24:01 AM CEST 2024
Missing qbot2; Mon Jun 10 11:27:01 AM CEST 2024
OK qbot; Mon Jun 10 11:27:01 AM CEST 2024
Missing qbot2; Mon Jun 10 11:30:01 AM CEST 2024
OK qbot; Mon Jun 10 11:30:01 AM CEST 2024
Missing qbot2; Mon Jun 10 11:33:01 AM CEST 2024
OK qbot; Mon Jun 10 11:33:01 AM CEST 2024
Missing qbot2; Mon Jun 10 11:36:01 AM CEST 2024
OK qbot; Mon Jun 10 11:36:01 AM CEST 2024
Missing qbot2; Mon Jun 10 11:39:01 AM CEST 2024
OK qbot; Mon Jun 10 11:39:01 AM CEST 2024
Missing qbot2; Mon Jun 10 11:42:01 AM CEST 2024
OK qbot; Mon Jun 10 11:42:01 AM CEST 2024
Missing qbot2; Mon Jun 10 11:45:02 AM CEST 2024
OK qbot; Mon Jun 10 11:45:02 AM CEST 2024
Missing qbot2; Mon Jun 10 11:48:01 AM CEST 2024
OK qbot; Mon Jun 10 11:48:01 AM CEST 2024
Missing qbot2; Mon Jun 10 11:51:01 AM CEST 2024
OK qbot; Mon Jun 10 11:51:01 AM CEST 2024
Missing qbot2; Mon Jun 10 11:54:01 AM CEST 2024
OK qbot; Mon Jun 10 11:54:01 AM CEST 2024
Missing qbot2; Mon Jun 10 11:57:01 AM CEST 2024
OK qbot; Mon Jun 10 11:57:01 AM CEST 2024
Missing qbot2; Mon Jun 10 12:00:01 PM CEST 2024
OK qbot; Mon Jun 10 12:00:02 PM CEST 2024
Missing qbot2; Mon Jun 10 12:03:01 PM CEST 2024
OK qbot; Mon Jun 10 12:03:01 PM CEST 2024
Missing qbot2; Mon Jun 10 12:06:01 PM CEST 2024
OK qbot; Mon Jun 10 12:06:01 PM CEST 2024
Missing qbot2; Mon Jun 10 12:09:01 PM CEST 2024
OK qbot; Mon Jun 10 12:09:01 PM CEST 2024
Missing qbot2; Mon Jun 10 12:12:01 PM CEST 2024
OK qbot; Mon Jun 10 12:12:01 PM CEST 2024
Missing qbot2; Mon Jun 10 12:15:01 PM CEST 2024
OK qbot; Mon Jun 10 12:15:02 PM CEST 2024
Missing qbot2; Mon Jun 10 12:18:01 PM CEST 2024
OK qbot; Mon Jun 10 12:18:01 PM CEST 2024
Missing qbot2; Mon Jun 10 12:21:01 PM CEST 2024
OK qbot; Mon Jun 10 12:21:01 PM CEST 2024
Missing qbot2; Mon Jun 10 12:24:01 PM CEST 2024
OK qbot; Mon Jun 10 12:24:01 PM CEST 2024
Missing qbot2; Mon Jun 10 12:27:01 PM CEST 2024
OK qbot; Mon Jun 10 12:27:01 PM CEST 2024
Missing qbot2; Mon Jun 10 12:30:02 PM CEST 2024
OK qbot; Mon Jun 10 12:30:02 PM CEST 2024
Missing qbot2; Mon Jun 10 12:33:01 PM CEST 2024
OK qbot; Mon Jun 10 12:33:01 PM CEST 2024
Missing qbot2; Mon Jun 10 12:36:01 PM CEST 2024
OK qbot; Mon Jun 10 12:36:01 PM CEST 2024
Missing qbot2; Mon Jun 10 12:39:01 PM CEST 2024
OK qbot; Mon Jun 10 12:39:01 PM CEST 2024
Missing qbot2; Mon Jun 10 12:42:01 PM CEST 2024
OK qbot; Mon Jun 10 12:42:01 PM CEST 2024
Missing qbot2; Mon Jun 10 12:45:02 PM CEST 2024
OK qbot; Mon Jun 10 12:45:03 PM CEST 2024
Missing qbot2; Mon Jun 10 12:48:01 PM CEST 2024
OK qbot; Mon Jun 10 12:48:01 PM CEST 2024
Missing qbot2; Mon Jun 10 12:51:01 PM CEST 2024
OK qbot; Mon Jun 10 12:51:01 PM CEST 2024
Missing qbot2; Mon Jun 10 12:54:01 PM CEST 2024
OK qbot; Mon Jun 10 12:54:01 PM CEST 2024
Missing qbot2; Mon Jun 10 12:57:01 PM CEST 2024
OK qbot; Mon Jun 10 12:57:01 PM CEST 2024
Missing qbot2; Mon Jun 10 01:00:03 PM CEST 2024
OK qbot; Mon Jun 10 01:00:03 PM CEST 2024
Missing qbot2; Mon Jun 10 01:03:01 PM CEST 2024
OK qbot; Mon Jun 10 01:03:01 PM CEST 2024
Missing qbot2; Mon Jun 10 01:06:01 PM CEST 2024
OK qbot; Mon Jun 10 01:06:01 PM CEST 2024
Missing qbot2; Mon Jun 10 01:09:01 PM CEST 2024
OK qbot; Mon Jun 10 01:09:01 PM CEST 2024
Missing qbot2; Mon Jun 10 01:12:01 PM CEST 2024
OK qbot; Mon Jun 10 01:12:01 PM CEST 2024
Missing qbot2; Mon Jun 10 01:15:03 PM CEST 2024
OK qbot; Mon Jun 10 01:15:07 PM CEST 2024
Missing qbot2; Mon Jun 10 01:18:01 PM CEST 2024
OK qbot; Mon Jun 10 01:18:01 PM CEST 2024
Missing qbot2; Mon Jun 10 01:21:01 PM CEST 2024
OK qbot; Mon Jun 10 01:21:01 PM CEST 2024
Missing qbot2; Mon Jun 10 01:24:01 PM CEST 2024
OK qbot; Mon Jun 10 01:24:01 PM CEST 2024
Missing qbot2; Mon Jun 10 01:27:01 PM CEST 2024
OK qbot; Mon Jun 10 01:27:01 PM CEST 2024
Missing qbot2; Mon Jun 10 01:30:04 PM CEST 2024
OK qbot; Mon Jun 10 01:30:08 PM CEST 2024
Missing qbot2; Mon Jun 10 01:33:01 PM CEST 2024
OK qbot; Mon Jun 10 01:33:01 PM CEST 2024
Missing qbot2; Mon Jun 10 01:36:01 PM CEST 2024
OK qbot; Mon Jun 10 01:36:01 PM CEST 2024
Missing qbot2; Mon Jun 10 01:39:01 PM CEST 2024
OK qbot; Mon Jun 10 01:39:01 PM CEST 2024
Missing qbot2; Mon Jun 10 01:42:01 PM CEST 2024
OK qbot; Mon Jun 10 01:42:01 PM CEST 2024
Missing qbot2; Mon Jun 10 01:45:05 PM CEST 2024
OK qbot; Mon Jun 10 01:45:07 PM CEST 2024
Missing qbot2; Mon Jun 10 01:48:01 PM CEST 2024
OK qbot; Mon Jun 10 01:48:01 PM CEST 2024
Missing qbot2; Mon Jun 10 01:51:01 PM CEST 2024
OK qbot; Mon Jun 10 01:51:02 PM CEST 2024
Missing qbot2; Mon Jun 10 01:54:01 PM CEST 2024
OK qbot; Mon Jun 10 01:54:01 PM CEST 2024
Missing qbot2; Mon Jun 10 01:57:01 PM CEST 2024
OK qbot; Mon Jun 10 01:57:01 PM CEST 2024
Missing qbot2; Mon Jun 10 02:00:08 PM CEST 2024
OK qbot; Mon Jun 10 02:00:13 PM CEST 2024
Missing qbot2; Mon Jun 10 02:03:01 PM CEST 2024
OK qbot; Mon Jun 10 02:03:01 PM CEST 2024
Missing qbot2; Mon Jun 10 02:06:01 PM CEST 2024
OK qbot; Mon Jun 10 02:06:01 PM CEST 2024
Missing qbot2; Mon Jun 10 02:09:01 PM CEST 2024
OK qbot; Mon Jun 10 02:09:01 PM CEST 2024
Missing qbot2; Mon Jun 10 02:12:01 PM CEST 2024
OK qbot; Mon Jun 10 02:12:01 PM CEST 2024
Missing qbot2; Mon Jun 10 02:15:05 PM CEST 2024
OK qbot; Mon Jun 10 02:15:12 PM CEST 2024
Missing qbot2; Mon Jun 10 02:18:01 PM CEST 2024
OK qbot; Mon Jun 10 02:18:01 PM CEST 2024
Missing qbot2; Mon Jun 10 02:21:01 PM CEST 2024
OK qbot; Mon Jun 10 02:21:01 PM CEST 2024
Missing qbot2; Mon Jun 10 02:24:01 PM CEST 2024
OK qbot; Mon Jun 10 02:24:01 PM CEST 2024
Missing qbot2; Mon Jun 10 02:27:01 PM CEST 2024
OK qbot; Mon Jun 10 02:27:01 PM CEST 2024
Missing qbot2; Mon Jun 10 02:30:05 PM CEST 2024
OK qbot; Mon Jun 10 02:30:12 PM CEST 2024
Missing qbot2; Mon Jun 10 02:33:01 PM CEST 2024
OK qbot; Mon Jun 10 02:33:01 PM CEST 2024
Missing qbot2; Mon Jun 10 02:36:01 PM CEST 2024
OK qbot; Mon Jun 10 02:36:01 PM CEST 2024
Missing qbot2; Mon Jun 10 02:39:01 PM CEST 2024
OK qbot; Mon Jun 10 02:39:01 PM CEST 2024
Missing qbot2; Mon Jun 10 02:42:01 PM CEST 2024
OK qbot; Mon Jun 10 02:42:01 PM CEST 2024
Missing qbot2; Mon Jun 10 02:45:06 PM CEST 2024
OK qbot; Mon Jun 10 02:45:13 PM CEST 2024
Missing qbot2; Mon Jun 10 02:48:02 PM CEST 2024
OK qbot; Mon Jun 10 02:48:02 PM CEST 2024
Missing qbot2; Mon Jun 10 02:51:01 PM CEST 2024
OK qbot; Mon Jun 10 02:51:01 PM CEST 2024
Missing qbot2; Mon Jun 10 02:54:01 PM CEST 2024
OK qbot; Mon Jun 10 02:54:01 PM CEST 2024
Missing qbot2; Mon Jun 10 02:57:01 PM CEST 2024
OK qbot; Mon Jun 10 02:57:01 PM CEST 2024
Missing qbot2; Mon Jun 10 03:00:07 PM CEST 2024
OK qbot; Mon Jun 10 03:00:14 PM CEST 2024
Missing qbot2; Mon Jun 10 03:03:01 PM CEST 2024
OK qbot; Mon Jun 10 03:03:01 PM CEST 2024
Missing qbot2; Mon Jun 10 03:06:01 PM CEST 2024
OK qbot; Mon Jun 10 03:06:01 PM CEST 2024
Missing qbot2; Mon Jun 10 03:09:01 PM CEST 2024
OK qbot; Mon Jun 10 03:09:02 PM CEST 2024
Missing qbot2; Mon Jun 10 03:12:01 PM CEST 2024
OK qbot; Mon Jun 10 03:12:01 PM CEST 2024
Missing qbot2; Mon Jun 10 03:15:05 PM CEST 2024
OK qbot; Mon Jun 10 03:15:10 PM CEST 2024
Missing qbot2; Mon Jun 10 03:18:01 PM CEST 2024
OK qbot; Mon Jun 10 03:18:01 PM CEST 2024
Missing qbot2; Mon Jun 10 03:21:01 PM CEST 2024
OK qbot; Mon Jun 10 03:21:01 PM CEST 2024
Missing qbot2; Mon Jun 10 03:24:01 PM CEST 2024
OK qbot; Mon Jun 10 03:24:02 PM CEST 2024
Missing qbot2; Mon Jun 10 03:27:01 PM CEST 2024
OK qbot; Mon Jun 10 03:27:01 PM CEST 2024
Missing qbot2; Mon Jun 10 03:30:17 PM CEST 2024
OK qbot; Mon Jun 10 03:30:20 PM CEST 2024
Missing qbot2; Mon Jun 10 03:33:01 PM CEST 2024
OK qbot; Mon Jun 10 03:33:01 PM CEST 2024
Missing qbot2; Mon Jun 10 03:36:02 PM CEST 2024
OK qbot; Mon Jun 10 03:36:02 PM CEST 2024
Missing qbot2; Mon Jun 10 03:39:01 PM CEST 2024
OK qbot; Mon Jun 10 03:39:01 PM CEST 2024
Missing qbot2; Mon Jun 10 03:42:01 PM CEST 2024
OK qbot; Mon Jun 10 03:42:01 PM CEST 2024
Missing qbot2; Mon Jun 10 03:45:04 PM CEST 2024
OK qbot; Mon Jun 10 03:45:07 PM CEST 2024
Missing qbot2; Mon Jun 10 03:48:01 PM CEST 2024
OK qbot; Mon Jun 10 03:48:01 PM CEST 2024
Missing qbot2; Mon Jun 10 03:51:02 PM CEST 2024
OK qbot; Mon Jun 10 03:51:02 PM CEST 2024
Missing qbot2; Mon Jun 10 03:54:01 PM CEST 2024
OK qbot; Mon Jun 10 03:54:01 PM CEST 2024
Missing qbot2; Mon Jun 10 03:57:01 PM CEST 2024
OK qbot; Mon Jun 10 03:57:01 PM CEST 2024
Missing qbot2; Mon Jun 10 04:00:06 PM CEST 2024
OK qbot; Mon Jun 10 04:00:13 PM CEST 2024
Missing qbot2; Mon Jun 10 04:03:01 PM CEST 2024
OK qbot; Mon Jun 10 04:03:01 PM CEST 2024
Missing qbot2; Mon Jun 10 04:06:01 PM CEST 2024
OK qbot; Mon Jun 10 04:06:01 PM CEST 2024
Missing qbot2; Mon Jun 10 04:09:01 PM CEST 2024
OK qbot; Mon Jun 10 04:09:01 PM CEST 2024
Missing qbot2; Mon Jun 10 04:12:01 PM CEST 2024
OK qbot; Mon Jun 10 04:12:01 PM CEST 2024
Missing qbot2; Mon Jun 10 04:15:11 PM CEST 2024
OK qbot; Mon Jun 10 04:15:13 PM CEST 2024
Missing qbot2; Mon Jun 10 04:18:01 PM CEST 2024
OK qbot; Mon Jun 10 04:18:01 PM CEST 2024
Missing qbot2; Mon Jun 10 04:21:01 PM CEST 2024
OK qbot; Mon Jun 10 04:21:01 PM CEST 2024
Missing qbot2; Mon Jun 10 04:24:01 PM CEST 2024
OK qbot; Mon Jun 10 04:24:01 PM CEST 2024
Missing qbot2; Mon Jun 10 04:27:01 PM CEST 2024
OK qbot; Mon Jun 10 04:27:01 PM CEST 2024
Missing qbot2; Mon Jun 10 04:30:10 PM CEST 2024
OK qbot; Mon Jun 10 04:30:11 PM CEST 2024
Missing qbot2; Mon Jun 10 04:33:01 PM CEST 2024
OK qbot; Mon Jun 10 04:33:01 PM CEST 2024
Missing qbot2; Mon Jun 10 04:36:01 PM CEST 2024
OK qbot; Mon Jun 10 04:36:01 PM CEST 2024
Missing qbot2; Mon Jun 10 04:39:01 PM CEST 2024
OK qbot; Mon Jun 10 04:39:01 PM CEST 2024
Missing qbot2; Mon Jun 10 04:42:02 PM CEST 2024
OK qbot; Mon Jun 10 04:42:02 PM CEST 2024
Missing qbot2; Mon Jun 10 04:45:12 PM CEST 2024
OK qbot; Mon Jun 10 04:45:16 PM CEST 2024
Missing qbot2; Mon Jun 10 04:48:01 PM CEST 2024
OK qbot; Mon Jun 10 04:48:01 PM CEST 2024
Missing qbot2; Mon Jun 10 04:51:01 PM CEST 2024
OK qbot; Mon Jun 10 04:51:01 PM CEST 2024
Missing qbot2; Mon Jun 10 04:54:01 PM CEST 2024
OK qbot; Mon Jun 10 04:54:01 PM CEST 2024
Missing qbot2; Mon Jun 10 04:57:01 PM CEST 2024
OK qbot; Mon Jun 10 04:57:01 PM CEST 2024
Missing qbot2; Mon Jun 10 05:00:13 PM CEST 2024
OK qbot; Mon Jun 10 05:00:17 PM CEST 2024
Missing qbot2; Mon Jun 10 05:03:01 PM CEST 2024
OK qbot; Mon Jun 10 05:03:01 PM CEST 2024
Missing qbot2; Mon Jun 10 05:06:01 PM CEST 2024
OK qbot; Mon Jun 10 05:06:01 PM CEST 2024
Missing qbot2; Mon Jun 10 05:09:01 PM CEST 2024
OK qbot; Mon Jun 10 05:09:01 PM CEST 2024
Missing qbot2; Mon Jun 10 05:12:01 PM CEST 2024
OK qbot; Mon Jun 10 05:12:01 PM CEST 2024
Missing qbot2; Mon Jun 10 05:15:09 PM CEST 2024
OK qbot; Mon Jun 10 05:15:11 PM CEST 2024
Missing qbot2; Mon Jun 10 05:18:01 PM CEST 2024
OK qbot; Mon Jun 10 05:18:02 PM CEST 2024
Missing qbot2; Mon Jun 10 05:21:01 PM CEST 2024
OK qbot; Mon Jun 10 05:21:01 PM CEST 2024
Missing qbot2; Mon Jun 10 05:24:01 PM CEST 2024
OK qbot; Mon Jun 10 05:24:01 PM CEST 2024
Missing qbot2; Mon Jun 10 05:27:01 PM CEST 2024
OK qbot; Mon Jun 10 05:27:01 PM CEST 2024
Missing qbot2; Mon Jun 10 05:30:11 PM CEST 2024
OK qbot; Mon Jun 10 05:30:18 PM CEST 2024
Missing qbot2; Mon Jun 10 05:33:01 PM CEST 2024
OK qbot; Mon Jun 10 05:33:01 PM CEST 2024
Missing qbot2; Mon Jun 10 05:36:01 PM CEST 2024
OK qbot; Mon Jun 10 05:36:02 PM CEST 2024
Missing qbot2; Mon Jun 10 05:39:01 PM CEST 2024
OK qbot; Mon Jun 10 05:39:01 PM CEST 2024
Missing qbot2; Mon Jun 10 05:42:01 PM CEST 2024
OK qbot; Mon Jun 10 05:42:01 PM CEST 2024
Missing qbot2; Mon Jun 10 05:45:11 PM CEST 2024
OK qbot; Mon Jun 10 05:45:18 PM CEST 2024
Missing qbot2; Mon Jun 10 05:48:12 PM CEST 2024
OK qbot; Mon Jun 10 05:48:14 PM CEST 2024
Missing qbot2; Mon Jun 10 05:54:15 PM CEST 2024
Missing qbot2; Mon Jun 10 05:54:16 PM CEST 2024
OK qbot; Mon Jun 10 05:54:24 PM CEST 2024
Missing qbot2; Mon Jun 10 05:57:01 PM CEST 2024
Missing qbot2; Mon Jun 10 06:00:05 PM CEST 2024
Missing qbot2; Mon Jun 10 06:03:01 PM CEST 2024
Missing qbot2; Mon Jun 10 06:06:01 PM CEST 2024
OK qbot; Mon Jun 10 06:06:01 PM CEST 2024
Missing qbot2; Mon Jun 10 06:09:01 PM CEST 2024
Missing qbot2; Mon Jun 10 06:12:01 PM CEST 2024
Missing qbot2; Mon Jun 10 06:15:08 PM CEST 2024
Missing qbot2; Mon Jun 10 06:18:01 PM CEST 2024
Missing qbot2; Mon Jun 10 06:21:01 PM CEST 2024
Missing qbot2; Mon Jun 10 06:24:01 PM CEST 2024
Missing qbot2; Mon Jun 10 06:27:01 PM CEST 2024
Missing qbot2; Mon Jun 10 06:30:10 PM CEST 2024
Missing qbot2; Mon Jun 10 06:33:01 PM CEST 2024
Missing qbot2; Mon Jun 10 06:36:02 PM CEST 2024
Missing qbot2; Mon Jun 10 06:39:01 PM CEST 2024
